D:\OPENGLPROJECT\OPENGLPROJECT\DEBUG\UTILS.OBJ
D:\OPENGLPROJECT\OPENGLPROJECT\DEBUG\VC110.PDB
D:\OPENGLPROJECT\OPENGLPROJECT\DEBUG\MAIN.OBJ
D:\OPENGLPROJECT\OPENGLPROJECT\DEBUG\CAMERA.OBJ
D:\OPENGLPROJECT\OPENGLPROJECT\DEBUG\SKYBOX.OBJ
D:\OPENGLPROJECT\OPENGLPROJECT\DEBUG\TERRAIN.OBJ
D:\OPENGLPROJECT\OPENGLPROJECT\DEBUG\TEXT.OBJ
D:\OPENGLPROJECT\OPENGLPROJECT\DEBUG\TEXTBOX.OBJ
D:\OPENGLPROJECT\OPENGLPROJECT\DEBUG\WATER.OBJ
D:\OPENGLPROJECT\DEBUG\OPENGLPROJECT.ILK
D:\OPENGLPROJECT\DEBUG\OPENGLPROJECT.EXE
D:\OPENGLPROJECT\DEBUG\OPENGLPROJECT.PDB
D:\OpenGLProject\OpenGLProject\Debug\Camera.obj
D:\OpenGLProject\OpenGLProject\Debug\main.obj
D:\OpenGLProject\OpenGLProject\Debug\SkyBox.obj
D:\OpenGLProject\OpenGLProject\Debug\Terrain.obj
D:\OpenGLProject\OpenGLProject\Debug\Text.obj
D:\OpenGLProject\OpenGLProject\Debug\TextBox.obj
D:\OpenGLProject\OpenGLProject\Debug\Utils.obj
D:\OpenGLProject\OpenGLProject\Debug\Water.obj
D:\OpenGLProject\OpenGLProject\Debug\cl.command.1.tlog
D:\OpenGLProject\OpenGLProject\Debug\CL.read.1.tlog
D:\OpenGLProject\OpenGLProject\Debug\CL.write.1.tlog
D:\OpenGLProject\OpenGLProject\Debug\link.1000-cvtres.read.1.tlog
D:\OpenGLProject\OpenGLProject\Debug\link.1000-cvtres.write.1.tlog
D:\OpenGLProject\OpenGLProject\Debug\link.1000-rc.read.1.tlog
D:\OpenGLProject\OpenGLProject\Debug\link.1000-rc.write.1.tlog
D:\OpenGLProject\OpenGLProject\Debug\link.1000.read.1.tlog
D:\OpenGLProject\OpenGLProject\Debug\link.1000.write.1.tlog
D:\OpenGLProject\OpenGLProject\Debug\link.1016-cvtres.read.1.tlog
D:\OpenGLProject\OpenGLProject\Debug\link.1016-cvtres.write.1.tlog
D:\OpenGLProject\OpenGLProject\Debug\link.1016-rc.read.1.tlog
D:\OpenGLProject\OpenGLProject\Debug\link.1016-rc.write.1.tlog
D:\OpenGLProject\OpenGLProject\Debug\link.1016.read.1.tlog
D:\OpenGLProject\OpenGLProject\Debug\link.1016.write.1.tlog
D:\OpenGLProject\OpenGLProject\Debug\link.1020-cvtres.read.1.tlog
D:\OpenGLProject\OpenGLProject\Debug\link.1020-cvtres.write.1.tlog
D:\OpenGLProject\OpenGLProject\Debug\link.1020-rc.read.1.tlog
D:\OpenGLProject\OpenGLProject\Debug\link.1020-rc.write.1.tlog
D:\OpenGLProject\OpenGLProject\Debug\link.1020.read.1.tlog
D:\OpenGLProject\OpenGLProject\Debug\link.1020.write.1.tlog
D:\OpenGLProject\OpenGLProject\Debug\link.1056-cvtres.read.1.tlog
D:\OpenGLProject\OpenGLProject\Debug\link.1056-cvtres.write.1.tlog
D:\OpenGLProject\OpenGLProject\Debug\link.1056-rc.read.1.tlog
D:\OpenGLProject\OpenGLProject\Debug\link.1056-rc.write.1.tlog
D:\OpenGLProject\OpenGLProject\Debug\link.1056.read.1.tlog
D:\OpenGLProject\OpenGLProject\Debug\link.1056.write.1.tlog
D:\OpenGLProject\OpenGLProject\Debug\link.1076-cvtres.read.1.tlog
D:\OpenGLProject\OpenGLProject\Debug\link.1076-cvtres.write.1.tlog
D:\OpenGLProject\OpenGLProject\Debug\link.1076-rc.read.1.tlog
D:\OpenGLProject\OpenGLProject\Debug\link.1076-rc.write.1.tlog
D:\OpenGLProject\OpenGLProject\Debug\link.1076.read.1.tlog
D:\OpenGLProject\OpenGLProject\Debug\link.1076.write.1.tlog
D:\OpenGLProject\OpenGLProject\Debug\link.1084-cvtres.read.1.tlog
D:\OpenGLProject\OpenGLProject\Debug\link.1084-cvtres.write.1.tlog
D:\OpenGLProject\OpenGLProject\Debug\link.1084-rc.read.1.tlog
D:\OpenGLProject\OpenGLProject\Debug\link.1084-rc.write.1.tlog
D:\OpenGLProject\OpenGLProject\Debug\link.1084.read.1.tlog
D:\OpenGLProject\OpenGLProject\Debug\link.1084.write.1.tlog
D:\OpenGLProject\OpenGLProject\Debug\link.1092-cvtres.read.1.tlog
D:\OpenGLProject\OpenGLProject\Debug\link.1092-cvtres.write.1.tlog
D:\OpenGLProject\OpenGLProject\Debug\link.1092-rc.read.1.tlog
D:\OpenGLProject\OpenGLProject\Debug\link.1092-rc.write.1.tlog
D:\OpenGLProject\OpenGLProject\Debug\link.1092.read.1.tlog
D:\OpenGLProject\OpenGLProject\Debug\link.1092.write.1.tlog
D:\OpenGLProject\OpenGLProject\Debug\link.1128-cvtres.read.1.tlog
D:\OpenGLProject\OpenGLProject\Debug\link.1128-cvtres.write.1.tlog
D:\OpenGLProject\OpenGLProject\Debug\link.1128-rc.read.1.tlog
D:\OpenGLProject\OpenGLProject\Debug\link.1128-rc.write.1.tlog
D:\OpenGLProject\OpenGLProject\Debug\link.1128.read.1.tlog
D:\OpenGLProject\OpenGLProject\Debug\link.1128.write.1.tlog
D:\OpenGLProject\OpenGLProject\Debug\link.1140-cvtres.read.1.tlog
D:\OpenGLProject\OpenGLProject\Debug\link.1140-cvtres.write.1.tlog
D:\OpenGLProject\OpenGLProject\Debug\link.1140-rc.read.1.tlog
D:\OpenGLProject\OpenGLProject\Debug\link.1140-rc.write.1.tlog
D:\OpenGLProject\OpenGLProject\Debug\link.1140.read.1.tlog
D:\OpenGLProject\OpenGLProject\Debug\link.1140.write.1.tlog
D:\OpenGLProject\OpenGLProject\Debug\link.1212-cvtres.read.1.tlog
D:\OpenGLProject\OpenGLProject\Debug\link.1212-cvtres.write.1.tlog
D:\OpenGLProject\OpenGLProject\Debug\link.1212-rc.read.1.tlog
D:\OpenGLProject\OpenGLProject\Debug\link.1212-rc.write.1.tlog
D:\OpenGLProject\OpenGLProject\Debug\link.1212.read.1.tlog
D:\OpenGLProject\OpenGLProject\Debug\link.1212.write.1.tlog
D:\OpenGLProject\OpenGLProject\Debug\link.1216-cvtres.read.1.tlog
D:\OpenGLProject\OpenGLProject\Debug\link.1216-cvtres.write.1.tlog
D:\OpenGLProject\OpenGLProject\Debug\link.1216-rc.read.1.tlog
D:\OpenGLProject\OpenGLProject\Debug\link.1216-rc.write.1.tlog
D:\OpenGLProject\OpenGLProject\Debug\link.1216.read.1.tlog
D:\OpenGLProject\OpenGLProject\Debug\link.1216.write.1.tlog
D:\OpenGLProject\OpenGLProject\Debug\link.1248-cvtres.read.1.tlog
D:\OpenGLProject\OpenGLProject\Debug\link.1248-cvtres.write.1.tlog
D:\OpenGLProject\OpenGLProject\Debug\link.1248-rc.read.1.tlog
D:\OpenGLProject\OpenGLProject\Debug\link.1248-rc.write.1.tlog
D:\OpenGLProject\OpenGLProject\Debug\link.1248.read.1.tlog
D:\OpenGLProject\OpenGLProject\Debug\link.1248.write.1.tlog
D:\OpenGLProject\OpenGLProject\Debug\link.1264-cvtres.read.1.tlog
D:\OpenGLProject\OpenGLProject\Debug\link.1264-cvtres.write.1.tlog
D:\OpenGLProject\OpenGLProject\Debug\link.1264-rc.read.1.tlog
D:\OpenGLProject\OpenGLProject\Debug\link.1264-rc.write.1.tlog
D:\OpenGLProject\OpenGLProject\Debug\link.1264.read.1.tlog
D:\OpenGLProject\OpenGLProject\Debug\link.1264.write.1.tlog
D:\OpenGLProject\OpenGLProject\Debug\link.1268-cvtres.read.1.tlog
D:\OpenGLProject\OpenGLProject\Debug\link.1268-cvtres.write.1.tlog
D:\OpenGLProject\OpenGLProject\Debug\link.1268-rc.read.1.tlog
D:\OpenGLProject\OpenGLProject\Debug\link.1268-rc.write.1.tlog
D:\OpenGLProject\OpenGLProject\Debug\link.1268.read.1.tlog
D:\OpenGLProject\OpenGLProject\Debug\link.1268.write.1.tlog
D:\OpenGLProject\OpenGLProject\Debug\link.1272-cvtres.read.1.tlog
D:\OpenGLProject\OpenGLProject\Debug\link.1272-cvtres.write.1.tlog
D:\OpenGLProject\OpenGLProject\Debug\link.1272-rc.read.1.tlog
D:\OpenGLProject\OpenGLProject\Debug\link.1272-rc.write.1.tlog
D:\OpenGLProject\OpenGLProject\Debug\link.1272.read.1.tlog
D:\OpenGLProject\OpenGLProject\Debug\link.1272.write.1.tlog
D:\OpenGLProject\OpenGLProject\Debug\link.1288-cvtres.read.1.tlog
D:\OpenGLProject\OpenGLProject\Debug\link.1288-cvtres.write.1.tlog
D:\OpenGLProject\OpenGLProject\Debug\link.1288-rc.read.1.tlog
D:\OpenGLProject\OpenGLProject\Debug\link.1288-rc.write.1.tlog
D:\OpenGLProject\OpenGLProject\Debug\link.1288.read.1.tlog
D:\OpenGLProject\OpenGLProject\Debug\link.1288.write.1.tlog
D:\OpenGLProject\OpenGLProject\Debug\link.1416-cvtres.read.1.tlog
D:\OpenGLProject\OpenGLProject\Debug\link.1416-cvtres.write.1.tlog
D:\OpenGLProject\OpenGLProject\Debug\link.1416-rc.read.1.tlog
D:\OpenGLProject\OpenGLProject\Debug\link.1416-rc.write.1.tlog
D:\OpenGLProject\OpenGLProject\Debug\link.1416.read.1.tlog
D:\OpenGLProject\OpenGLProject\Debug\link.1416.write.1.tlog
D:\OpenGLProject\OpenGLProject\Debug\link.1420-cvtres.read.1.tlog
D:\OpenGLProject\OpenGLProject\Debug\link.1420-cvtres.write.1.tlog
D:\OpenGLProject\OpenGLProject\Debug\link.1420-rc.read.1.tlog
D:\OpenGLProject\OpenGLProject\Debug\link.1420-rc.write.1.tlog
D:\OpenGLProject\OpenGLProject\Debug\link.1420.read.1.tlog
D:\OpenGLProject\OpenGLProject\Debug\link.1420.write.1.tlog
D:\OpenGLProject\OpenGLProject\Debug\link.1504-cvtres.read.1.tlog
D:\OpenGLProject\OpenGLProject\Debug\link.1504-cvtres.write.1.tlog
D:\OpenGLProject\OpenGLProject\Debug\link.1504-rc.read.1.tlog
D:\OpenGLProject\OpenGLProject\Debug\link.1504-rc.write.1.tlog
D:\OpenGLProject\OpenGLProject\Debug\link.1504.read.1.tlog
D:\OpenGLProject\OpenGLProject\Debug\link.1504.write.1.tlog
D:\OpenGLProject\OpenGLProject\Debug\link.1520-cvtres.read.1.tlog
D:\OpenGLProject\OpenGLProject\Debug\link.1520-cvtres.write.1.tlog
D:\OpenGLProject\OpenGLProject\Debug\link.1520-rc.read.1.tlog
D:\OpenGLProject\OpenGLProject\Debug\link.1520-rc.write.1.tlog
D:\OpenGLProject\OpenGLProject\Debug\link.1520.read.1.tlog
D:\OpenGLProject\OpenGLProject\Debug\link.1520.write.1.tlog
D:\OpenGLProject\OpenGLProject\Debug\link.1552-cvtres.read.1.tlog
D:\OpenGLProject\OpenGLProject\Debug\link.1552-cvtres.write.1.tlog
D:\OpenGLProject\OpenGLProject\Debug\link.1552-rc.read.1.tlog
D:\OpenGLProject\OpenGLProject\Debug\link.1552-rc.write.1.tlog
D:\OpenGLProject\OpenGLProject\Debug\link.1552.read.1.tlog
D:\OpenGLProject\OpenGLProject\Debug\link.1552.write.1.tlog
D:\OpenGLProject\OpenGLProject\Debug\link.1604-cvtres.read.1.tlog
D:\OpenGLProject\OpenGLProject\Debug\link.1604-cvtres.write.1.tlog
D:\OpenGLProject\OpenGLProject\Debug\link.1604-rc.read.1.tlog
D:\OpenGLProject\OpenGLProject\Debug\link.1604-rc.write.1.tlog
D:\OpenGLProject\OpenGLProject\Debug\link.1604.read.1.tlog
D:\OpenGLProject\OpenGLProject\Debug\link.1604.write.1.tlog
D:\OpenGLProject\OpenGLProject\Debug\link.1616-cvtres.read.1.tlog
D:\OpenGLProject\OpenGLProject\Debug\link.1616-cvtres.write.1.tlog
D:\OpenGLProject\OpenGLProject\Debug\link.1616-rc.read.1.tlog
D:\OpenGLProject\OpenGLProject\Debug\link.1616-rc.write.1.tlog
D:\OpenGLProject\OpenGLProject\Debug\link.1616.read.1.tlog
D:\OpenGLProject\OpenGLProject\Debug\link.1616.write.1.tlog
D:\OpenGLProject\OpenGLProject\Debug\link.1712-cvtres.read.1.tlog
D:\OpenGLProject\OpenGLProject\Debug\link.1712-cvtres.write.1.tlog
D:\OpenGLProject\OpenGLProject\Debug\link.1712-rc.read.1.tlog
D:\OpenGLProject\OpenGLProject\Debug\link.1712-rc.write.1.tlog
D:\OpenGLProject\OpenGLProject\Debug\link.1712.read.1.tlog
D:\OpenGLProject\OpenGLProject\Debug\link.1712.write.1.tlog
D:\OpenGLProject\OpenGLProject\Debug\link.172-cvtres.read.1.tlog
D:\OpenGLProject\OpenGLProject\Debug\link.172-cvtres.write.1.tlog
D:\OpenGLProject\OpenGLProject\Debug\link.172-rc.read.1.tlog
D:\OpenGLProject\OpenGLProject\Debug\link.172-rc.write.1.tlog
D:\OpenGLProject\OpenGLProject\Debug\link.172.read.1.tlog
D:\OpenGLProject\OpenGLProject\Debug\link.172.write.1.tlog
D:\OpenGLProject\OpenGLProject\Debug\link.1744-cvtres.read.1.tlog
D:\OpenGLProject\OpenGLProject\Debug\link.1744-cvtres.write.1.tlog
D:\OpenGLProject\OpenGLProject\Debug\link.1744-rc.read.1.tlog
D:\OpenGLProject\OpenGLProject\Debug\link.1744-rc.write.1.tlog
D:\OpenGLProject\OpenGLProject\Debug\link.1744.read.1.tlog
D:\OpenGLProject\OpenGLProject\Debug\link.1744.write.1.tlog
D:\OpenGLProject\OpenGLProject\Debug\link.180-cvtres.read.1.tlog
D:\OpenGLProject\OpenGLProject\Debug\link.180-cvtres.write.1.tlog
D:\OpenGLProject\OpenGLProject\Debug\link.180-rc.read.1.tlog
D:\OpenGLProject\OpenGLProject\Debug\link.180-rc.write.1.tlog
D:\OpenGLProject\OpenGLProject\Debug\link.180.read.1.tlog
D:\OpenGLProject\OpenGLProject\Debug\link.180.write.1.tlog
D:\OpenGLProject\OpenGLProject\Debug\link.1812-cvtres.read.1.tlog
D:\OpenGLProject\OpenGLProject\Debug\link.1812-cvtres.write.1.tlog
D:\OpenGLProject\OpenGLProject\Debug\link.1812-rc.read.1.tlog
D:\OpenGLProject\OpenGLProject\Debug\link.1812-rc.write.1.tlog
D:\OpenGLProject\OpenGLProject\Debug\link.1812.read.1.tlog
D:\OpenGLProject\OpenGLProject\Debug\link.1812.write.1.tlog
D:\OpenGLProject\OpenGLProject\Debug\link.1820-cvtres.read.1.tlog
D:\OpenGLProject\OpenGLProject\Debug\link.1820-cvtres.write.1.tlog
D:\OpenGLProject\OpenGLProject\Debug\link.1820-rc.read.1.tlog
D:\OpenGLProject\OpenGLProject\Debug\link.1820-rc.write.1.tlog
D:\OpenGLProject\OpenGLProject\Debug\link.1820.read.1.tlog
D:\OpenGLProject\OpenGLProject\Debug\link.1820.write.1.tlog
D:\OpenGLProject\OpenGLProject\Debug\link.184-cvtres.read.1.tlog
D:\OpenGLProject\OpenGLProject\Debug\link.184-cvtres.write.1.tlog
D:\OpenGLProject\OpenGLProject\Debug\link.184-rc.read.1.tlog
D:\OpenGLProject\OpenGLProject\Debug\link.184-rc.write.1.tlog
D:\OpenGLProject\OpenGLProject\Debug\link.184.read.1.tlog
D:\OpenGLProject\OpenGLProject\Debug\link.184.write.1.tlog
D:\OpenGLProject\OpenGLProject\Debug\link.1848-cvtres.read.1.tlog
D:\OpenGLProject\OpenGLProject\Debug\link.1848-cvtres.write.1.tlog
D:\OpenGLProject\OpenGLProject\Debug\link.1848-rc.read.1.tlog
D:\OpenGLProject\OpenGLProject\Debug\link.1848-rc.write.1.tlog
D:\OpenGLProject\OpenGLProject\Debug\link.1848.read.1.tlog
D:\OpenGLProject\OpenGLProject\Debug\link.1848.write.1.tlog
D:\OpenGLProject\OpenGLProject\Debug\link.188-cvtres.read.1.tlog
D:\OpenGLProject\OpenGLProject\Debug\link.188-cvtres.write.1.tlog
D:\OpenGLProject\OpenGLProject\Debug\link.188-rc.read.1.tlog
D:\OpenGLProject\OpenGLProject\Debug\link.188-rc.write.1.tlog
D:\OpenGLProject\OpenGLProject\Debug\link.188.read.1.tlog
D:\OpenGLProject\OpenGLProject\Debug\link.188.write.1.tlog
D:\OpenGLProject\OpenGLProject\Debug\link.1880-cvtres.read.1.tlog
D:\OpenGLProject\OpenGLProject\Debug\link.1880-cvtres.write.1.tlog
D:\OpenGLProject\OpenGLProject\Debug\link.1880-rc.read.1.tlog
D:\OpenGLProject\OpenGLProject\Debug\link.1880-rc.write.1.tlog
D:\OpenGLProject\OpenGLProject\Debug\link.1880.read.1.tlog
D:\OpenGLProject\OpenGLProject\Debug\link.1880.write.1.tlog
D:\OpenGLProject\OpenGLProject\Debug\link.2000-cvtres.read.1.tlog
D:\OpenGLProject\OpenGLProject\Debug\link.2000-cvtres.write.1.tlog
D:\OpenGLProject\OpenGLProject\Debug\link.2000-rc.read.1.tlog
D:\OpenGLProject\OpenGLProject\Debug\link.2000-rc.write.1.tlog
D:\OpenGLProject\OpenGLProject\Debug\link.2000.read.1.tlog
D:\OpenGLProject\OpenGLProject\Debug\link.2000.write.1.tlog
D:\OpenGLProject\OpenGLProject\Debug\link.2080-cvtres.read.1.tlog
D:\OpenGLProject\OpenGLProject\Debug\link.2080-cvtres.write.1.tlog
D:\OpenGLProject\OpenGLProject\Debug\link.2080-rc.read.1.tlog
D:\OpenGLProject\OpenGLProject\Debug\link.2080-rc.write.1.tlog
D:\OpenGLProject\OpenGLProject\Debug\link.2080.read.1.tlog
D:\OpenGLProject\OpenGLProject\Debug\link.2080.write.1.tlog
D:\OpenGLProject\OpenGLProject\Debug\link.2132-cvtres.read.1.tlog
D:\OpenGLProject\OpenGLProject\Debug\link.2132-cvtres.write.1.tlog
D:\OpenGLProject\OpenGLProject\Debug\link.2132-rc.read.1.tlog
D:\OpenGLProject\OpenGLProject\Debug\link.2132-rc.write.1.tlog
D:\OpenGLProject\OpenGLProject\Debug\link.2132.read.1.tlog
D:\OpenGLProject\OpenGLProject\Debug\link.2132.write.1.tlog
D:\OpenGLProject\OpenGLProject\Debug\link.2216-cvtres.read.1.tlog
D:\OpenGLProject\OpenGLProject\Debug\link.2216-cvtres.write.1.tlog
D:\OpenGLProject\OpenGLProject\Debug\link.2216-rc.read.1.tlog
D:\OpenGLProject\OpenGLProject\Debug\link.2216-rc.write.1.tlog
D:\OpenGLProject\OpenGLProject\Debug\link.2216.read.1.tlog
D:\OpenGLProject\OpenGLProject\Debug\link.2216.write.1.tlog
D:\OpenGLProject\OpenGLProject\Debug\link.2268-cvtres.read.1.tlog
D:\OpenGLProject\OpenGLProject\Debug\link.2268-cvtres.write.1.tlog
D:\OpenGLProject\OpenGLProject\Debug\link.2268-rc.read.1.tlog
D:\OpenGLProject\OpenGLProject\Debug\link.2268-rc.write.1.tlog
D:\OpenGLProject\OpenGLProject\Debug\link.2268.read.1.tlog
D:\OpenGLProject\OpenGLProject\Debug\link.2268.write.1.tlog
D:\OpenGLProject\OpenGLProject\Debug\link.2280-cvtres.read.1.tlog
D:\OpenGLProject\OpenGLProject\Debug\link.2280-cvtres.write.1.tlog
D:\OpenGLProject\OpenGLProject\Debug\link.2280-rc.read.1.tlog
D:\OpenGLProject\OpenGLProject\Debug\link.2280-rc.write.1.tlog
D:\OpenGLProject\OpenGLProject\Debug\link.2280.read.1.tlog
D:\OpenGLProject\OpenGLProject\Debug\link.2280.write.1.tlog
D:\OpenGLProject\OpenGLProject\Debug\link.2348-cvtres.read.1.tlog
D:\OpenGLProject\OpenGLProject\Debug\link.2348-cvtres.write.1.tlog
D:\OpenGLProject\OpenGLProject\Debug\link.2348-rc.read.1.tlog
D:\OpenGLProject\OpenGLProject\Debug\link.2348-rc.write.1.tlog
D:\OpenGLProject\OpenGLProject\Debug\link.2348.read.1.tlog
D:\OpenGLProject\OpenGLProject\Debug\link.2348.write.1.tlog
D:\OpenGLProject\OpenGLProject\Debug\link.236-cvtres.read.1.tlog
D:\OpenGLProject\OpenGLProject\Debug\link.236-cvtres.write.1.tlog
D:\OpenGLProject\OpenGLProject\Debug\link.236-rc.read.1.tlog
D:\OpenGLProject\OpenGLProject\Debug\link.236-rc.write.1.tlog
D:\OpenGLProject\OpenGLProject\Debug\link.236.read.1.tlog
D:\OpenGLProject\OpenGLProject\Debug\link.236.write.1.tlog
D:\OpenGLProject\OpenGLProject\Debug\link.2380-cvtres.read.1.tlog
D:\OpenGLProject\OpenGLProject\Debug\link.2380-cvtres.write.1.tlog
D:\OpenGLProject\OpenGLProject\Debug\link.2380-rc.read.1.tlog
D:\OpenGLProject\OpenGLProject\Debug\link.2380-rc.write.1.tlog
D:\OpenGLProject\OpenGLProject\Debug\link.2380.read.1.tlog
D:\OpenGLProject\OpenGLProject\Debug\link.2380.write.1.tlog
D:\OpenGLProject\OpenGLProject\Debug\link.2392-cvtres.read.1.tlog
D:\OpenGLProject\OpenGLProject\Debug\link.2392-cvtres.write.1.tlog
D:\OpenGLProject\OpenGLProject\Debug\link.2392-rc.read.1.tlog
D:\OpenGLProject\OpenGLProject\Debug\link.2392-rc.write.1.tlog
D:\OpenGLProject\OpenGLProject\Debug\link.2392.read.1.tlog
D:\OpenGLProject\OpenGLProject\Debug\link.2392.write.1.tlog
D:\OpenGLProject\OpenGLProject\Debug\link.2432-cvtres.read.1.tlog
D:\OpenGLProject\OpenGLProject\Debug\link.2432-cvtres.write.1.tlog
D:\OpenGLProject\OpenGLProject\Debug\link.2432-rc.read.1.tlog
D:\OpenGLProject\OpenGLProject\Debug\link.2432-rc.write.1.tlog
D:\OpenGLProject\OpenGLProject\Debug\link.2432.read.1.tlog
D:\OpenGLProject\OpenGLProject\Debug\link.2432.write.1.tlog
D:\OpenGLProject\OpenGLProject\Debug\link.2444-cvtres.read.1.tlog
D:\OpenGLProject\OpenGLProject\Debug\link.2444-cvtres.write.1.tlog
D:\OpenGLProject\OpenGLProject\Debug\link.2444-rc.read.1.tlog
D:\OpenGLProject\OpenGLProject\Debug\link.2444-rc.write.1.tlog
D:\OpenGLProject\OpenGLProject\Debug\link.2444.read.1.tlog
D:\OpenGLProject\OpenGLProject\Debug\link.2444.write.1.tlog
D:\OpenGLProject\OpenGLProject\Debug\link.2480-cvtres.read.1.tlog
D:\OpenGLProject\OpenGLProject\Debug\link.2480-cvtres.write.1.tlog
D:\OpenGLProject\OpenGLProject\Debug\link.2480-rc.read.1.tlog
D:\OpenGLProject\OpenGLProject\Debug\link.2480-rc.write.1.tlog
D:\OpenGLProject\OpenGLProject\Debug\link.2480.read.1.tlog
D:\OpenGLProject\OpenGLProject\Debug\link.2480.write.1.tlog
D:\OpenGLProject\OpenGLProject\Debug\link.2492-cvtres.read.1.tlog
D:\OpenGLProject\OpenGLProject\Debug\link.2492-cvtres.write.1.tlog
D:\OpenGLProject\OpenGLProject\Debug\link.2492-rc.read.1.tlog
D:\OpenGLProject\OpenGLProject\Debug\link.2492-rc.write.1.tlog
D:\OpenGLProject\OpenGLProject\Debug\link.2492.read.1.tlog
D:\OpenGLProject\OpenGLProject\Debug\link.2492.write.1.tlog
D:\OpenGLProject\OpenGLProject\Debug\link.2500-cvtres.read.1.tlog
D:\OpenGLProject\OpenGLProject\Debug\link.2500-cvtres.write.1.tlog
D:\OpenGLProject\OpenGLProject\Debug\link.2500-rc.read.1.tlog
D:\OpenGLProject\OpenGLProject\Debug\link.2500-rc.write.1.tlog
D:\OpenGLProject\OpenGLProject\Debug\link.2500.read.1.tlog
D:\OpenGLProject\OpenGLProject\Debug\link.2500.write.1.tlog
D:\OpenGLProject\OpenGLProject\Debug\link.2504-cvtres.read.1.tlog
D:\OpenGLProject\OpenGLProject\Debug\link.2504-cvtres.write.1.tlog
D:\OpenGLProject\OpenGLProject\Debug\link.2504-rc.read.1.tlog
D:\OpenGLProject\OpenGLProject\Debug\link.2504-rc.write.1.tlog
D:\OpenGLProject\OpenGLProject\Debug\link.2504.read.1.tlog
D:\OpenGLProject\OpenGLProject\Debug\link.2504.write.1.tlog
D:\OpenGLProject\OpenGLProject\Debug\link.2516-cvtres.read.1.tlog
D:\OpenGLProject\OpenGLProject\Debug\link.2516-cvtres.write.1.tlog
D:\OpenGLProject\OpenGLProject\Debug\link.2516-rc.read.1.tlog
D:\OpenGLProject\OpenGLProject\Debug\link.2516-rc.write.1.tlog
D:\OpenGLProject\OpenGLProject\Debug\link.2516.read.1.tlog
D:\OpenGLProject\OpenGLProject\Debug\link.2516.write.1.tlog
D:\OpenGLProject\OpenGLProject\Debug\link.2540-cvtres.read.1.tlog
D:\OpenGLProject\OpenGLProject\Debug\link.2540-cvtres.write.1.tlog
D:\OpenGLProject\OpenGLProject\Debug\link.2540-rc.read.1.tlog
D:\OpenGLProject\OpenGLProject\Debug\link.2540-rc.write.1.tlog
D:\OpenGLProject\OpenGLProject\Debug\link.2540.read.1.tlog
D:\OpenGLProject\OpenGLProject\Debug\link.2540.write.1.tlog
D:\OpenGLProject\OpenGLProject\Debug\link.2572-cvtres.read.1.tlog
D:\OpenGLProject\OpenGLProject\Debug\link.2572-cvtres.write.1.tlog
D:\OpenGLProject\OpenGLProject\Debug\link.2572-rc.read.1.tlog
D:\OpenGLProject\OpenGLProject\Debug\link.2572-rc.write.1.tlog
D:\OpenGLProject\OpenGLProject\Debug\link.2572.read.1.tlog
D:\OpenGLProject\OpenGLProject\Debug\link.2572.write.1.tlog
D:\OpenGLProject\OpenGLProject\Debug\link.2600-cvtres.read.1.tlog
D:\OpenGLProject\OpenGLProject\Debug\link.2600-cvtres.write.1.tlog
D:\OpenGLProject\OpenGLProject\Debug\link.2600-rc.read.1.tlog
D:\OpenGLProject\OpenGLProject\Debug\link.2600-rc.write.1.tlog
D:\OpenGLProject\OpenGLProject\Debug\link.2600.read.1.tlog
D:\OpenGLProject\OpenGLProject\Debug\link.2600.write.1.tlog
D:\OpenGLProject\OpenGLProject\Debug\link.2620-cvtres.read.1.tlog
D:\OpenGLProject\OpenGLProject\Debug\link.2620-cvtres.write.1.tlog
D:\OpenGLProject\OpenGLProject\Debug\link.2620-rc.read.1.tlog
D:\OpenGLProject\OpenGLProject\Debug\link.2620-rc.write.1.tlog
D:\OpenGLProject\OpenGLProject\Debug\link.2620.read.1.tlog
D:\OpenGLProject\OpenGLProject\Debug\link.2620.write.1.tlog
D:\OpenGLProject\OpenGLProject\Debug\link.2672-cvtres.read.1.tlog
D:\OpenGLProject\OpenGLProject\Debug\link.2672-cvtres.write.1.tlog
D:\OpenGLProject\OpenGLProject\Debug\link.2672-rc.read.1.tlog
D:\OpenGLProject\OpenGLProject\Debug\link.2672-rc.write.1.tlog
D:\OpenGLProject\OpenGLProject\Debug\link.2672.read.1.tlog
D:\OpenGLProject\OpenGLProject\Debug\link.2672.write.1.tlog
D:\OpenGLProject\OpenGLProject\Debug\link.2676.read.1.tlog
D:\OpenGLProject\OpenGLProject\Debug\link.2676.write.1.tlog
D:\OpenGLProject\OpenGLProject\Debug\link.2732-cvtres.read.1.tlog
D:\OpenGLProject\OpenGLProject\Debug\link.2732-cvtres.write.1.tlog
D:\OpenGLProject\OpenGLProject\Debug\link.2732-rc.read.1.tlog
D:\OpenGLProject\OpenGLProject\Debug\link.2732-rc.write.1.tlog
D:\OpenGLProject\OpenGLProject\Debug\link.2732.read.1.tlog
D:\OpenGLProject\OpenGLProject\Debug\link.2732.write.1.tlog
D:\OpenGLProject\OpenGLProject\Debug\link.2752-cvtres.read.1.tlog
D:\OpenGLProject\OpenGLProject\Debug\link.2752-cvtres.write.1.tlog
D:\OpenGLProject\OpenGLProject\Debug\link.2752-rc.read.1.tlog
D:\OpenGLProject\OpenGLProject\Debug\link.2752-rc.write.1.tlog
D:\OpenGLProject\OpenGLProject\Debug\link.2752.read.1.tlog
D:\OpenGLProject\OpenGLProject\Debug\link.2752.write.1.tlog
D:\OpenGLProject\OpenGLProject\Debug\link.2764-cvtres.read.1.tlog
D:\OpenGLProject\OpenGLProject\Debug\link.2764-cvtres.write.1.tlog
D:\OpenGLProject\OpenGLProject\Debug\link.2764-rc.read.1.tlog
D:\OpenGLProject\OpenGLProject\Debug\link.2764-rc.write.1.tlog
D:\OpenGLProject\OpenGLProject\Debug\link.2764.read.1.tlog
D:\OpenGLProject\OpenGLProject\Debug\link.2764.write.1.tlog
D:\OpenGLProject\OpenGLProject\Debug\link.2824-cvtres.read.1.tlog
D:\OpenGLProject\OpenGLProject\Debug\link.2824-cvtres.write.1.tlog
D:\OpenGLProject\OpenGLProject\Debug\link.2824-rc.read.1.tlog
D:\OpenGLProject\OpenGLProject\Debug\link.2824-rc.write.1.tlog
D:\OpenGLProject\OpenGLProject\Debug\link.2824.read.1.tlog
D:\OpenGLProject\OpenGLProject\Debug\link.2824.write.1.tlog
D:\OpenGLProject\OpenGLProject\Debug\link.2832-cvtres.read.1.tlog
D:\OpenGLProject\OpenGLProject\Debug\link.2832-cvtres.write.1.tlog
D:\OpenGLProject\OpenGLProject\Debug\link.2832-rc.read.1.tlog
D:\OpenGLProject\OpenGLProject\Debug\link.2832-rc.write.1.tlog
D:\OpenGLProject\OpenGLProject\Debug\link.2832.read.1.tlog
D:\OpenGLProject\OpenGLProject\Debug\link.2832.write.1.tlog
D:\OpenGLProject\OpenGLProject\Debug\link.2836-cvtres.read.1.tlog
D:\OpenGLProject\OpenGLProject\Debug\link.2836-cvtres.write.1.tlog
D:\OpenGLProject\OpenGLProject\Debug\link.2836-rc.read.1.tlog
D:\OpenGLProject\OpenGLProject\Debug\link.2836-rc.write.1.tlog
D:\OpenGLProject\OpenGLProject\Debug\link.2836.read.1.tlog
D:\OpenGLProject\OpenGLProject\Debug\link.2836.write.1.tlog
D:\OpenGLProject\OpenGLProject\Debug\link.2856-cvtres.read.1.tlog
D:\OpenGLProject\OpenGLProject\Debug\link.2856-cvtres.write.1.tlog
D:\OpenGLProject\OpenGLProject\Debug\link.2856-rc.read.1.tlog
D:\OpenGLProject\OpenGLProject\Debug\link.2856-rc.write.1.tlog
D:\OpenGLProject\OpenGLProject\Debug\link.2856.read.1.tlog
D:\OpenGLProject\OpenGLProject\Debug\link.2856.write.1.tlog
D:\OpenGLProject\OpenGLProject\Debug\link.2868-cvtres.read.1.tlog
D:\OpenGLProject\OpenGLProject\Debug\link.2868-cvtres.write.1.tlog
D:\OpenGLProject\OpenGLProject\Debug\link.2868-rc.read.1.tlog
D:\OpenGLProject\OpenGLProject\Debug\link.2868-rc.write.1.tlog
D:\OpenGLProject\OpenGLProject\Debug\link.2868.read.1.tlog
D:\OpenGLProject\OpenGLProject\Debug\link.2868.write.1.tlog
D:\OpenGLProject\OpenGLProject\Debug\link.2872-cvtres.read.1.tlog
D:\OpenGLProject\OpenGLProject\Debug\link.2872-cvtres.write.1.tlog
D:\OpenGLProject\OpenGLProject\Debug\link.2872-rc.read.1.tlog
D:\OpenGLProject\OpenGLProject\Debug\link.2872-rc.write.1.tlog
D:\OpenGLProject\OpenGLProject\Debug\link.2872.read.1.tlog
D:\OpenGLProject\OpenGLProject\Debug\link.2872.write.1.tlog
D:\OpenGLProject\OpenGLProject\Debug\link.2904-cvtres.read.1.tlog
D:\OpenGLProject\OpenGLProject\Debug\link.2904-cvtres.write.1.tlog
D:\OpenGLProject\OpenGLProject\Debug\link.2904-rc.read.1.tlog
D:\OpenGLProject\OpenGLProject\Debug\link.2904-rc.write.1.tlog
D:\OpenGLProject\OpenGLProject\Debug\link.2904.read.1.tlog
D:\OpenGLProject\OpenGLProject\Debug\link.2904.write.1.tlog
D:\OpenGLProject\OpenGLProject\Debug\link.2928-cvtres.read.1.tlog
D:\OpenGLProject\OpenGLProject\Debug\link.2928-cvtres.write.1.tlog
D:\OpenGLProject\OpenGLProject\Debug\link.2928-rc.read.1.tlog
D:\OpenGLProject\OpenGLProject\Debug\link.2928-rc.write.1.tlog
D:\OpenGLProject\OpenGLProject\Debug\link.2928.read.1.tlog
D:\OpenGLProject\OpenGLProject\Debug\link.2928.write.1.tlog
D:\OpenGLProject\OpenGLProject\Debug\link.2948-cvtres.read.1.tlog
D:\OpenGLProject\OpenGLProject\Debug\link.2948-cvtres.write.1.tlog
D:\OpenGLProject\OpenGLProject\Debug\link.2948-rc.read.1.tlog
D:\OpenGLProject\OpenGLProject\Debug\link.2948-rc.write.1.tlog
D:\OpenGLProject\OpenGLProject\Debug\link.2948.read.1.tlog
D:\OpenGLProject\OpenGLProject\Debug\link.2948.write.1.tlog
D:\OpenGLProject\OpenGLProject\Debug\link.2956-cvtres.read.1.tlog
D:\OpenGLProject\OpenGLProject\Debug\link.2956-cvtres.write.1.tlog
D:\OpenGLProject\OpenGLProject\Debug\link.2956-rc.read.1.tlog
D:\OpenGLProject\OpenGLProject\Debug\link.2956-rc.write.1.tlog
D:\OpenGLProject\OpenGLProject\Debug\link.2956.read.1.tlog
D:\OpenGLProject\OpenGLProject\Debug\link.2956.write.1.tlog
D:\OpenGLProject\OpenGLProject\Debug\link.2960-cvtres.read.1.tlog
D:\OpenGLProject\OpenGLProject\Debug\link.2960-cvtres.write.1.tlog
D:\OpenGLProject\OpenGLProject\Debug\link.2960-rc.read.1.tlog
D:\OpenGLProject\OpenGLProject\Debug\link.2960-rc.write.1.tlog
D:\OpenGLProject\OpenGLProject\Debug\link.2960.read.1.tlog
D:\OpenGLProject\OpenGLProject\Debug\link.2960.write.1.tlog
D:\OpenGLProject\OpenGLProject\Debug\link.2972-cvtres.read.1.tlog
D:\OpenGLProject\OpenGLProject\Debug\link.2972-cvtres.write.1.tlog
D:\OpenGLProject\OpenGLProject\Debug\link.2972-rc.read.1.tlog
D:\OpenGLProject\OpenGLProject\Debug\link.2972-rc.write.1.tlog
D:\OpenGLProject\OpenGLProject\Debug\link.2972.read.1.tlog
D:\OpenGLProject\OpenGLProject\Debug\link.2972.write.1.tlog
D:\OpenGLProject\OpenGLProject\Debug\link.2980-cvtres.read.1.tlog
D:\OpenGLProject\OpenGLProject\Debug\link.2980-cvtres.write.1.tlog
D:\OpenGLProject\OpenGLProject\Debug\link.2980-rc.read.1.tlog
D:\OpenGLProject\OpenGLProject\Debug\link.2980-rc.write.1.tlog
D:\OpenGLProject\OpenGLProject\Debug\link.2980.read.1.tlog
D:\OpenGLProject\OpenGLProject\Debug\link.2980.write.1.tlog
D:\OpenGLProject\OpenGLProject\Debug\link.3004-cvtres.read.1.tlog
D:\OpenGLProject\OpenGLProject\Debug\link.3004-cvtres.write.1.tlog
D:\OpenGLProject\OpenGLProject\Debug\link.3004-rc.read.1.tlog
D:\OpenGLProject\OpenGLProject\Debug\link.3004-rc.write.1.tlog
D:\OpenGLProject\OpenGLProject\Debug\link.3004.read.1.tlog
D:\OpenGLProject\OpenGLProject\Debug\link.3004.write.1.tlog
D:\OpenGLProject\OpenGLProject\Debug\link.3124-cvtres.read.1.tlog
D:\OpenGLProject\OpenGLProject\Debug\link.3124-cvtres.write.1.tlog
D:\OpenGLProject\OpenGLProject\Debug\link.3124-rc.read.1.tlog
D:\OpenGLProject\OpenGLProject\Debug\link.3124-rc.write.1.tlog
D:\OpenGLProject\OpenGLProject\Debug\link.3124.read.1.tlog
D:\OpenGLProject\OpenGLProject\Debug\link.3124.write.1.tlog
D:\OpenGLProject\OpenGLProject\Debug\link.3128-cvtres.read.1.tlog
D:\OpenGLProject\OpenGLProject\Debug\link.3128-cvtres.write.1.tlog
D:\OpenGLProject\OpenGLProject\Debug\link.3128-rc.read.1.tlog
D:\OpenGLProject\OpenGLProject\Debug\link.3128-rc.write.1.tlog
D:\OpenGLProject\OpenGLProject\Debug\link.3128.read.1.tlog
D:\OpenGLProject\OpenGLProject\Debug\link.3128.write.1.tlog
D:\OpenGLProject\OpenGLProject\Debug\link.3172-cvtres.read.1.tlog
D:\OpenGLProject\OpenGLProject\Debug\link.3172-cvtres.write.1.tlog
D:\OpenGLProject\OpenGLProject\Debug\link.3172-rc.read.1.tlog
D:\OpenGLProject\OpenGLProject\Debug\link.3172-rc.write.1.tlog
D:\OpenGLProject\OpenGLProject\Debug\link.3172.read.1.tlog
D:\OpenGLProject\OpenGLProject\Debug\link.3172.write.1.tlog
D:\OpenGLProject\OpenGLProject\Debug\link.3180-cvtres.read.1.tlog
D:\OpenGLProject\OpenGLProject\Debug\link.3180-cvtres.write.1.tlog
D:\OpenGLProject\OpenGLProject\Debug\link.3180-rc.read.1.tlog
D:\OpenGLProject\OpenGLProject\Debug\link.3180-rc.write.1.tlog
D:\OpenGLProject\OpenGLProject\Debug\link.3180.read.1.tlog
D:\OpenGLProject\OpenGLProject\Debug\link.3180.write.1.tlog
D:\OpenGLProject\OpenGLProject\Debug\link.3200-cvtres.read.1.tlog
D:\OpenGLProject\OpenGLProject\Debug\link.3200-cvtres.write.1.tlog
D:\OpenGLProject\OpenGLProject\Debug\link.3200-rc.read.1.tlog
D:\OpenGLProject\OpenGLProject\Debug\link.3200-rc.write.1.tlog
D:\OpenGLProject\OpenGLProject\Debug\link.3200.read.1.tlog
D:\OpenGLProject\OpenGLProject\Debug\link.3200.write.1.tlog
D:\OpenGLProject\OpenGLProject\Debug\link.3208-cvtres.read.1.tlog
D:\OpenGLProject\OpenGLProject\Debug\link.3208-cvtres.write.1.tlog
D:\OpenGLProject\OpenGLProject\Debug\link.3208-rc.read.1.tlog
D:\OpenGLProject\OpenGLProject\Debug\link.3208-rc.write.1.tlog
D:\OpenGLProject\OpenGLProject\Debug\link.3208.read.1.tlog
D:\OpenGLProject\OpenGLProject\Debug\link.3208.write.1.tlog
D:\OpenGLProject\OpenGLProject\Debug\link.3212-cvtres.read.1.tlog
D:\OpenGLProject\OpenGLProject\Debug\link.3212-cvtres.write.1.tlog
D:\OpenGLProject\OpenGLProject\Debug\link.3212-rc.read.1.tlog
D:\OpenGLProject\OpenGLProject\Debug\link.3212-rc.write.1.tlog
D:\OpenGLProject\OpenGLProject\Debug\link.3212.read.1.tlog
D:\OpenGLProject\OpenGLProject\Debug\link.3212.write.1.tlog
D:\OpenGLProject\OpenGLProject\Debug\link.3236-cvtres.read.1.tlog
D:\OpenGLProject\OpenGLProject\Debug\link.3236-cvtres.write.1.tlog
D:\OpenGLProject\OpenGLProject\Debug\link.3236-rc.read.1.tlog
D:\OpenGLProject\OpenGLProject\Debug\link.3236-rc.write.1.tlog
D:\OpenGLProject\OpenGLProject\Debug\link.3236.read.1.tlog
D:\OpenGLProject\OpenGLProject\Debug\link.3236.write.1.tlog
D:\OpenGLProject\OpenGLProject\Debug\link.3240-cvtres.read.1.tlog
D:\OpenGLProject\OpenGLProject\Debug\link.3240-cvtres.write.1.tlog
D:\OpenGLProject\OpenGLProject\Debug\link.3240-rc.read.1.tlog
D:\OpenGLProject\OpenGLProject\Debug\link.3240-rc.write.1.tlog
D:\OpenGLProject\OpenGLProject\Debug\link.3240.read.1.tlog
D:\OpenGLProject\OpenGLProject\Debug\link.3240.write.1.tlog
D:\OpenGLProject\OpenGLProject\Debug\link.3252-cvtres.read.1.tlog
D:\OpenGLProject\OpenGLProject\Debug\link.3252-cvtres.write.1.tlog
D:\OpenGLProject\OpenGLProject\Debug\link.3252-rc.read.1.tlog
D:\OpenGLProject\OpenGLProject\Debug\link.3252-rc.write.1.tlog
D:\OpenGLProject\OpenGLProject\Debug\link.3252.read.1.tlog
D:\OpenGLProject\OpenGLProject\Debug\link.3252.write.1.tlog
D:\OpenGLProject\OpenGLProject\Debug\link.3320-cvtres.read.1.tlog
D:\OpenGLProject\OpenGLProject\Debug\link.3320-cvtres.write.1.tlog
D:\OpenGLProject\OpenGLProject\Debug\link.3320-rc.read.1.tlog
D:\OpenGLProject\OpenGLProject\Debug\link.3320-rc.write.1.tlog
D:\OpenGLProject\OpenGLProject\Debug\link.3320.read.1.tlog
D:\OpenGLProject\OpenGLProject\Debug\link.3320.write.1.tlog
D:\OpenGLProject\OpenGLProject\Debug\link.3384-cvtres.read.1.tlog
D:\OpenGLProject\OpenGLProject\Debug\link.3384-cvtres.write.1.tlog
D:\OpenGLProject\OpenGLProject\Debug\link.3384-rc.read.1.tlog
D:\OpenGLProject\OpenGLProject\Debug\link.3384-rc.write.1.tlog
D:\OpenGLProject\OpenGLProject\Debug\link.3384.read.1.tlog
D:\OpenGLProject\OpenGLProject\Debug\link.3384.write.1.tlog
D:\OpenGLProject\OpenGLProject\Debug\link.3420-cvtres.read.1.tlog
D:\OpenGLProject\OpenGLProject\Debug\link.3420-cvtres.write.1.tlog
D:\OpenGLProject\OpenGLProject\Debug\link.3420-rc.read.1.tlog
D:\OpenGLProject\OpenGLProject\Debug\link.3420-rc.write.1.tlog
D:\OpenGLProject\OpenGLProject\Debug\link.3420.read.1.tlog
D:\OpenGLProject\OpenGLProject\Debug\link.3420.write.1.tlog
D:\OpenGLProject\OpenGLProject\Debug\link.3428-cvtres.read.1.tlog
D:\OpenGLProject\OpenGLProject\Debug\link.3428-cvtres.write.1.tlog
D:\OpenGLProject\OpenGLProject\Debug\link.3428-rc.read.1.tlog
D:\OpenGLProject\OpenGLProject\Debug\link.3428-rc.write.1.tlog
D:\OpenGLProject\OpenGLProject\Debug\link.3428.read.1.tlog
D:\OpenGLProject\OpenGLProject\Debug\link.3428.write.1.tlog
D:\OpenGLProject\OpenGLProject\Debug\link.3444-cvtres.read.1.tlog
D:\OpenGLProject\OpenGLProject\Debug\link.3444-cvtres.write.1.tlog
D:\OpenGLProject\OpenGLProject\Debug\link.3444-rc.read.1.tlog
D:\OpenGLProject\OpenGLProject\Debug\link.3444-rc.write.1.tlog
D:\OpenGLProject\OpenGLProject\Debug\link.3444.read.1.tlog
D:\OpenGLProject\OpenGLProject\Debug\link.3444.write.1.tlog
D:\OpenGLProject\OpenGLProject\Debug\link.3460-cvtres.read.1.tlog
D:\OpenGLProject\OpenGLProject\Debug\link.3460-cvtres.write.1.tlog
D:\OpenGLProject\OpenGLProject\Debug\link.3460-rc.read.1.tlog
D:\OpenGLProject\OpenGLProject\Debug\link.3460-rc.write.1.tlog
D:\OpenGLProject\OpenGLProject\Debug\link.3460.read.1.tlog
D:\OpenGLProject\OpenGLProject\Debug\link.3460.write.1.tlog
D:\OpenGLProject\OpenGLProject\Debug\link.3484-cvtres.read.1.tlog
D:\OpenGLProject\OpenGLProject\Debug\link.3484-cvtres.write.1.tlog
D:\OpenGLProject\OpenGLProject\Debug\link.3484-rc.read.1.tlog
D:\OpenGLProject\OpenGLProject\Debug\link.3484-rc.write.1.tlog
D:\OpenGLProject\OpenGLProject\Debug\link.3484.read.1.tlog
D:\OpenGLProject\OpenGLProject\Debug\link.3484.write.1.tlog
D:\OpenGLProject\OpenGLProject\Debug\link.3492-cvtres.read.1.tlog
D:\OpenGLProject\OpenGLProject\Debug\link.3492-cvtres.write.1.tlog
D:\OpenGLProject\OpenGLProject\Debug\link.3492-rc.read.1.tlog
D:\OpenGLProject\OpenGLProject\Debug\link.3492-rc.write.1.tlog
D:\OpenGLProject\OpenGLProject\Debug\link.3492.read.1.tlog
D:\OpenGLProject\OpenGLProject\Debug\link.3492.write.1.tlog
D:\OpenGLProject\OpenGLProject\Debug\link.3496-cvtres.read.1.tlog
D:\OpenGLProject\OpenGLProject\Debug\link.3496-cvtres.write.1.tlog
D:\OpenGLProject\OpenGLProject\Debug\link.3496-rc.read.1.tlog
D:\OpenGLProject\OpenGLProject\Debug\link.3496-rc.write.1.tlog
D:\OpenGLProject\OpenGLProject\Debug\link.3496.read.1.tlog
D:\OpenGLProject\OpenGLProject\Debug\link.3496.write.1.tlog
D:\OpenGLProject\OpenGLProject\Debug\link.3528-cvtres.read.1.tlog
D:\OpenGLProject\OpenGLProject\Debug\link.3528-cvtres.write.1.tlog
D:\OpenGLProject\OpenGLProject\Debug\link.3528-rc.read.1.tlog
D:\OpenGLProject\OpenGLProject\Debug\link.3528-rc.write.1.tlog
D:\OpenGLProject\OpenGLProject\Debug\link.3528.read.1.tlog
D:\OpenGLProject\OpenGLProject\Debug\link.3528.write.1.tlog
D:\OpenGLProject\OpenGLProject\Debug\link.3536-cvtres.read.1.tlog
D:\OpenGLProject\OpenGLProject\Debug\link.3536-cvtres.write.1.tlog
D:\OpenGLProject\OpenGLProject\Debug\link.3536-rc.read.1.tlog
D:\OpenGLProject\OpenGLProject\Debug\link.3536-rc.write.1.tlog
D:\OpenGLProject\OpenGLProject\Debug\link.3536.read.1.tlog
D:\OpenGLProject\OpenGLProject\Debug\link.3536.write.1.tlog
D:\OpenGLProject\OpenGLProject\Debug\link.3576-cvtres.read.1.tlog
D:\OpenGLProject\OpenGLProject\Debug\link.3576-cvtres.write.1.tlog
D:\OpenGLProject\OpenGLProject\Debug\link.3576-rc.read.1.tlog
D:\OpenGLProject\OpenGLProject\Debug\link.3576-rc.write.1.tlog
D:\OpenGLProject\OpenGLProject\Debug\link.3576.read.1.tlog
D:\OpenGLProject\OpenGLProject\Debug\link.3576.write.1.tlog
D:\OpenGLProject\OpenGLProject\Debug\link.3588-cvtres.read.1.tlog
D:\OpenGLProject\OpenGLProject\Debug\link.3588-cvtres.write.1.tlog
D:\OpenGLProject\OpenGLProject\Debug\link.3588-rc.read.1.tlog
D:\OpenGLProject\OpenGLProject\Debug\link.3588-rc.write.1.tlog
D:\OpenGLProject\OpenGLProject\Debug\link.3588.read.1.tlog
D:\OpenGLProject\OpenGLProject\Debug\link.3588.write.1.tlog
D:\OpenGLProject\OpenGLProject\Debug\link.3660-cvtres.read.1.tlog
D:\OpenGLProject\OpenGLProject\Debug\link.3660-cvtres.write.1.tlog
D:\OpenGLProject\OpenGLProject\Debug\link.3660-rc.read.1.tlog
D:\OpenGLProject\OpenGLProject\Debug\link.3660-rc.write.1.tlog
D:\OpenGLProject\OpenGLProject\Debug\link.3660.read.1.tlog
D:\OpenGLProject\OpenGLProject\Debug\link.3660.write.1.tlog
D:\OpenGLProject\OpenGLProject\Debug\link.3688-cvtres.read.1.tlog
D:\OpenGLProject\OpenGLProject\Debug\link.3688-cvtres.write.1.tlog
D:\OpenGLProject\OpenGLProject\Debug\link.3688-rc.read.1.tlog
D:\OpenGLProject\OpenGLProject\Debug\link.3688-rc.write.1.tlog
D:\OpenGLProject\OpenGLProject\Debug\link.3688.read.1.tlog
D:\OpenGLProject\OpenGLProject\Debug\link.3688.write.1.tlog
D:\OpenGLProject\OpenGLProject\Debug\link.3692-cvtres.read.1.tlog
D:\OpenGLProject\OpenGLProject\Debug\link.3692-cvtres.write.1.tlog
D:\OpenGLProject\OpenGLProject\Debug\link.3692-rc.read.1.tlog
D:\OpenGLProject\OpenGLProject\Debug\link.3692-rc.write.1.tlog
D:\OpenGLProject\OpenGLProject\Debug\link.3692.read.1.tlog
D:\OpenGLProject\OpenGLProject\Debug\link.3692.write.1.tlog
D:\OpenGLProject\OpenGLProject\Debug\link.3696-cvtres.read.1.tlog
D:\OpenGLProject\OpenGLProject\Debug\link.3696-cvtres.write.1.tlog
D:\OpenGLProject\OpenGLProject\Debug\link.3696-rc.read.1.tlog
D:\OpenGLProject\OpenGLProject\Debug\link.3696-rc.write.1.tlog
D:\OpenGLProject\OpenGLProject\Debug\link.3696.read.1.tlog
D:\OpenGLProject\OpenGLProject\Debug\link.3696.write.1.tlog
D:\OpenGLProject\OpenGLProject\Debug\link.3700-cvtres.read.1.tlog
D:\OpenGLProject\OpenGLProject\Debug\link.3700-cvtres.write.1.tlog
D:\OpenGLProject\OpenGLProject\Debug\link.3700-rc.read.1.tlog
D:\OpenGLProject\OpenGLProject\Debug\link.3700-rc.write.1.tlog
D:\OpenGLProject\OpenGLProject\Debug\link.3700.read.1.tlog
D:\OpenGLProject\OpenGLProject\Debug\link.3700.write.1.tlog
D:\OpenGLProject\OpenGLProject\Debug\link.3732-cvtres.read.1.tlog
D:\OpenGLProject\OpenGLProject\Debug\link.3732-cvtres.write.1.tlog
D:\OpenGLProject\OpenGLProject\Debug\link.3732-rc.read.1.tlog
D:\OpenGLProject\OpenGLProject\Debug\link.3732-rc.write.1.tlog
D:\OpenGLProject\OpenGLProject\Debug\link.3732.read.1.tlog
D:\OpenGLProject\OpenGLProject\Debug\link.3732.write.1.tlog
D:\OpenGLProject\OpenGLProject\Debug\link.3748-cvtres.read.1.tlog
D:\OpenGLProject\OpenGLProject\Debug\link.3748-cvtres.write.1.tlog
D:\OpenGLProject\OpenGLProject\Debug\link.3748-rc.read.1.tlog
D:\OpenGLProject\OpenGLProject\Debug\link.3748-rc.write.1.tlog
D:\OpenGLProject\OpenGLProject\Debug\link.3748.read.1.tlog
D:\OpenGLProject\OpenGLProject\Debug\link.3748.write.1.tlog
D:\OpenGLProject\OpenGLProject\Debug\link.380-cvtres.read.1.tlog
D:\OpenGLProject\OpenGLProject\Debug\link.380-cvtres.write.1.tlog
D:\OpenGLProject\OpenGLProject\Debug\link.380-rc.read.1.tlog
D:\OpenGLProject\OpenGLProject\Debug\link.380-rc.write.1.tlog
D:\OpenGLProject\OpenGLProject\Debug\link.380.read.1.tlog
D:\OpenGLProject\OpenGLProject\Debug\link.380.write.1.tlog
D:\OpenGLProject\OpenGLProject\Debug\link.3816-cvtres.read.1.tlog
D:\OpenGLProject\OpenGLProject\Debug\link.3816-cvtres.write.1.tlog
D:\OpenGLProject\OpenGLProject\Debug\link.3816-rc.read.1.tlog
D:\OpenGLProject\OpenGLProject\Debug\link.3816-rc.write.1.tlog
D:\OpenGLProject\OpenGLProject\Debug\link.3816.read.1.tlog
D:\OpenGLProject\OpenGLProject\Debug\link.3816.write.1.tlog
D:\OpenGLProject\OpenGLProject\Debug\link.3824-cvtres.read.1.tlog
D:\OpenGLProject\OpenGLProject\Debug\link.3824-cvtres.write.1.tlog
D:\OpenGLProject\OpenGLProject\Debug\link.3824-rc.read.1.tlog
D:\OpenGLProject\OpenGLProject\Debug\link.3824-rc.write.1.tlog
D:\OpenGLProject\OpenGLProject\Debug\link.3824.read.1.tlog
D:\OpenGLProject\OpenGLProject\Debug\link.3824.write.1.tlog
D:\OpenGLProject\OpenGLProject\Debug\link.3852-cvtres.read.1.tlog
D:\OpenGLProject\OpenGLProject\Debug\link.3852-cvtres.write.1.tlog
D:\OpenGLProject\OpenGLProject\Debug\link.3852-rc.read.1.tlog
D:\OpenGLProject\OpenGLProject\Debug\link.3852-rc.write.1.tlog
D:\OpenGLProject\OpenGLProject\Debug\link.3852.read.1.tlog
D:\OpenGLProject\OpenGLProject\Debug\link.3852.write.1.tlog
D:\OpenGLProject\OpenGLProject\Debug\link.3880-cvtres.read.1.tlog
D:\OpenGLProject\OpenGLProject\Debug\link.3880-cvtres.write.1.tlog
D:\OpenGLProject\OpenGLProject\Debug\link.3880-rc.read.1.tlog
D:\OpenGLProject\OpenGLProject\Debug\link.3880-rc.write.1.tlog
D:\OpenGLProject\OpenGLProject\Debug\link.3880.read.1.tlog
D:\OpenGLProject\OpenGLProject\Debug\link.3880.write.1.tlog
D:\OpenGLProject\OpenGLProject\Debug\link.3888-cvtres.read.1.tlog
D:\OpenGLProject\OpenGLProject\Debug\link.3888-cvtres.write.1.tlog
D:\OpenGLProject\OpenGLProject\Debug\link.3888-rc.read.1.tlog
D:\OpenGLProject\OpenGLProject\Debug\link.3888-rc.write.1.tlog
D:\OpenGLProject\OpenGLProject\Debug\link.3888.read.1.tlog
D:\OpenGLProject\OpenGLProject\Debug\link.3888.write.1.tlog
D:\OpenGLProject\OpenGLProject\Debug\link.3948-cvtres.read.1.tlog
D:\OpenGLProject\OpenGLProject\Debug\link.3948-cvtres.write.1.tlog
D:\OpenGLProject\OpenGLProject\Debug\link.3948-rc.read.1.tlog
D:\OpenGLProject\OpenGLProject\Debug\link.3948-rc.write.1.tlog
D:\OpenGLProject\OpenGLProject\Debug\link.3948.read.1.tlog
D:\OpenGLProject\OpenGLProject\Debug\link.3948.write.1.tlog
D:\OpenGLProject\OpenGLProject\Debug\link.3976-cvtres.read.1.tlog
D:\OpenGLProject\OpenGLProject\Debug\link.3976-cvtres.write.1.tlog
D:\OpenGLProject\OpenGLProject\Debug\link.3976-rc.read.1.tlog
D:\OpenGLProject\OpenGLProject\Debug\link.3976-rc.write.1.tlog
D:\OpenGLProject\OpenGLProject\Debug\link.3976.read.1.tlog
D:\OpenGLProject\OpenGLProject\Debug\link.3976.write.1.tlog
D:\OpenGLProject\OpenGLProject\Debug\link.3984-cvtres.read.1.tlog
D:\OpenGLProject\OpenGLProject\Debug\link.3984-cvtres.write.1.tlog
D:\OpenGLProject\OpenGLProject\Debug\link.3984-rc.read.1.tlog
D:\OpenGLProject\OpenGLProject\Debug\link.3984-rc.write.1.tlog
D:\OpenGLProject\OpenGLProject\Debug\link.3984.read.1.tlog
D:\OpenGLProject\OpenGLProject\Debug\link.3984.write.1.tlog
D:\OpenGLProject\OpenGLProject\Debug\link.3992.read.1.tlog
D:\OpenGLProject\OpenGLProject\Debug\link.3992.write.1.tlog
D:\OpenGLProject\OpenGLProject\Debug\link.4016-cvtres.read.1.tlog
D:\OpenGLProject\OpenGLProject\Debug\link.4016-cvtres.write.1.tlog
D:\OpenGLProject\OpenGLProject\Debug\link.4016-rc.read.1.tlog
D:\OpenGLProject\OpenGLProject\Debug\link.4016-rc.write.1.tlog
D:\OpenGLProject\OpenGLProject\Debug\link.4016.read.1.tlog
D:\OpenGLProject\OpenGLProject\Debug\link.4016.write.1.tlog
D:\OpenGLProject\OpenGLProject\Debug\link.4040-cvtres.read.1.tlog
D:\OpenGLProject\OpenGLProject\Debug\link.4040-cvtres.write.1.tlog
D:\OpenGLProject\OpenGLProject\Debug\link.4040-rc.read.1.tlog
D:\OpenGLProject\OpenGLProject\Debug\link.4040-rc.write.1.tlog
D:\OpenGLProject\OpenGLProject\Debug\link.4040.read.1.tlog
D:\OpenGLProject\OpenGLProject\Debug\link.4040.write.1.tlog
D:\OpenGLProject\OpenGLProject\Debug\link.4076-cvtres.read.1.tlog
D:\OpenGLProject\OpenGLProject\Debug\link.4076-cvtres.write.1.tlog
D:\OpenGLProject\OpenGLProject\Debug\link.4076-rc.read.1.tlog
D:\OpenGLProject\OpenGLProject\Debug\link.4076-rc.write.1.tlog
D:\OpenGLProject\OpenGLProject\Debug\link.4076.read.1.tlog
D:\OpenGLProject\OpenGLProject\Debug\link.4076.write.1.tlog
D:\OpenGLProject\OpenGLProject\Debug\link.4120-cvtres.read.1.tlog
D:\OpenGLProject\OpenGLProject\Debug\link.4120-cvtres.write.1.tlog
D:\OpenGLProject\OpenGLProject\Debug\link.4120-rc.read.1.tlog
D:\OpenGLProject\OpenGLProject\Debug\link.4120-rc.write.1.tlog
D:\OpenGLProject\OpenGLProject\Debug\link.4120.read.1.tlog
D:\OpenGLProject\OpenGLProject\Debug\link.4120.write.1.tlog
D:\OpenGLProject\OpenGLProject\Debug\link.4168-cvtres.read.1.tlog
D:\OpenGLProject\OpenGLProject\Debug\link.4168-cvtres.write.1.tlog
D:\OpenGLProject\OpenGLProject\Debug\link.4168-rc.read.1.tlog
D:\OpenGLProject\OpenGLProject\Debug\link.4168-rc.write.1.tlog
D:\OpenGLProject\OpenGLProject\Debug\link.4168.read.1.tlog
D:\OpenGLProject\OpenGLProject\Debug\link.4168.write.1.tlog
D:\OpenGLProject\OpenGLProject\Debug\link.4224-cvtres.read.1.tlog
D:\OpenGLProject\OpenGLProject\Debug\link.4224-cvtres.write.1.tlog
D:\OpenGLProject\OpenGLProject\Debug\link.4224-rc.read.1.tlog
D:\OpenGLProject\OpenGLProject\Debug\link.4224-rc.write.1.tlog
D:\OpenGLProject\OpenGLProject\Debug\link.4224.read.1.tlog
D:\OpenGLProject\OpenGLProject\Debug\link.4224.write.1.tlog
D:\OpenGLProject\OpenGLProject\Debug\link.4264-cvtres.read.1.tlog
D:\OpenGLProject\OpenGLProject\Debug\link.4264-cvtres.write.1.tlog
D:\OpenGLProject\OpenGLProject\Debug\link.4264-rc.read.1.tlog
D:\OpenGLProject\OpenGLProject\Debug\link.4264-rc.write.1.tlog
D:\OpenGLProject\OpenGLProject\Debug\link.4264.read.1.tlog
D:\OpenGLProject\OpenGLProject\Debug\link.4264.write.1.tlog
D:\OpenGLProject\OpenGLProject\Debug\link.4288-cvtres.read.1.tlog
D:\OpenGLProject\OpenGLProject\Debug\link.4288-cvtres.write.1.tlog
D:\OpenGLProject\OpenGLProject\Debug\link.4288-rc.read.1.tlog
D:\OpenGLProject\OpenGLProject\Debug\link.4288-rc.write.1.tlog
D:\OpenGLProject\OpenGLProject\Debug\link.4288.read.1.tlog
D:\OpenGLProject\OpenGLProject\Debug\link.4288.write.1.tlog
D:\OpenGLProject\OpenGLProject\Debug\link.4324-cvtres.read.1.tlog
D:\OpenGLProject\OpenGLProject\Debug\link.4324-cvtres.write.1.tlog
D:\OpenGLProject\OpenGLProject\Debug\link.4324-rc.read.1.tlog
D:\OpenGLProject\OpenGLProject\Debug\link.4324-rc.write.1.tlog
D:\OpenGLProject\OpenGLProject\Debug\link.4324.read.1.tlog
D:\OpenGLProject\OpenGLProject\Debug\link.4324.write.1.tlog
D:\OpenGLProject\OpenGLProject\Debug\link.4344-cvtres.read.1.tlog
D:\OpenGLProject\OpenGLProject\Debug\link.4344-cvtres.write.1.tlog
D:\OpenGLProject\OpenGLProject\Debug\link.4344-rc.read.1.tlog
D:\OpenGLProject\OpenGLProject\Debug\link.4344-rc.write.1.tlog
D:\OpenGLProject\OpenGLProject\Debug\link.4344.read.1.tlog
D:\OpenGLProject\OpenGLProject\Debug\link.4344.write.1.tlog
D:\OpenGLProject\OpenGLProject\Debug\link.4352-cvtres.read.1.tlog
D:\OpenGLProject\OpenGLProject\Debug\link.4352-cvtres.write.1.tlog
D:\OpenGLProject\OpenGLProject\Debug\link.4352-rc.read.1.tlog
D:\OpenGLProject\OpenGLProject\Debug\link.4352-rc.write.1.tlog
D:\OpenGLProject\OpenGLProject\Debug\link.4352.read.1.tlog
D:\OpenGLProject\OpenGLProject\Debug\link.4352.write.1.tlog
D:\OpenGLProject\OpenGLProject\Debug\link.4376-cvtres.read.1.tlog
D:\OpenGLProject\OpenGLProject\Debug\link.4376-cvtres.write.1.tlog
D:\OpenGLProject\OpenGLProject\Debug\link.4376-rc.read.1.tlog
D:\OpenGLProject\OpenGLProject\Debug\link.4376-rc.write.1.tlog
D:\OpenGLProject\OpenGLProject\Debug\link.4376.read.1.tlog
D:\OpenGLProject\OpenGLProject\Debug\link.4376.write.1.tlog
D:\OpenGLProject\OpenGLProject\Debug\link.4380-cvtres.read.1.tlog
D:\OpenGLProject\OpenGLProject\Debug\link.4380-cvtres.write.1.tlog
D:\OpenGLProject\OpenGLProject\Debug\link.4380-rc.read.1.tlog
D:\OpenGLProject\OpenGLProject\Debug\link.4380-rc.write.1.tlog
D:\OpenGLProject\OpenGLProject\Debug\link.4380.read.1.tlog
D:\OpenGLProject\OpenGLProject\Debug\link.4380.write.1.tlog
D:\OpenGLProject\OpenGLProject\Debug\link.4384-cvtres.read.1.tlog
D:\OpenGLProject\OpenGLProject\Debug\link.4384-cvtres.write.1.tlog
D:\OpenGLProject\OpenGLProject\Debug\link.4384-rc.read.1.tlog
D:\OpenGLProject\OpenGLProject\Debug\link.4384-rc.write.1.tlog
D:\OpenGLProject\OpenGLProject\Debug\link.4384.read.1.tlog
D:\OpenGLProject\OpenGLProject\Debug\link.4384.write.1.tlog
D:\OpenGLProject\OpenGLProject\Debug\link.4392-cvtres.read.1.tlog
D:\OpenGLProject\OpenGLProject\Debug\link.4392-cvtres.write.1.tlog
D:\OpenGLProject\OpenGLProject\Debug\link.4392-rc.read.1.tlog
D:\OpenGLProject\OpenGLProject\Debug\link.4392-rc.write.1.tlog
D:\OpenGLProject\OpenGLProject\Debug\link.4392.read.1.tlog
D:\OpenGLProject\OpenGLProject\Debug\link.4392.write.1.tlog
D:\OpenGLProject\OpenGLProject\Debug\link.4416-cvtres.read.1.tlog
D:\OpenGLProject\OpenGLProject\Debug\link.4416-cvtres.write.1.tlog
D:\OpenGLProject\OpenGLProject\Debug\link.4416-rc.read.1.tlog
D:\OpenGLProject\OpenGLProject\Debug\link.4416-rc.write.1.tlog
D:\OpenGLProject\OpenGLProject\Debug\link.4416.read.1.tlog
D:\OpenGLProject\OpenGLProject\Debug\link.4416.write.1.tlog
D:\OpenGLProject\OpenGLProject\Debug\link.4420-cvtres.read.1.tlog
D:\OpenGLProject\OpenGLProject\Debug\link.4420-cvtres.write.1.tlog
D:\OpenGLProject\OpenGLProject\Debug\link.4420-rc.read.1.tlog
D:\OpenGLProject\OpenGLProject\Debug\link.4420-rc.write.1.tlog
D:\OpenGLProject\OpenGLProject\Debug\link.4420.read.1.tlog
D:\OpenGLProject\OpenGLProject\Debug\link.4420.write.1.tlog
D:\OpenGLProject\OpenGLProject\Debug\link.4432-cvtres.read.1.tlog
D:\OpenGLProject\OpenGLProject\Debug\link.4432-cvtres.write.1.tlog
D:\OpenGLProject\OpenGLProject\Debug\link.4432-rc.read.1.tlog
D:\OpenGLProject\OpenGLProject\Debug\link.4432-rc.write.1.tlog
D:\OpenGLProject\OpenGLProject\Debug\link.4432.read.1.tlog
D:\OpenGLProject\OpenGLProject\Debug\link.4432.write.1.tlog
D:\OpenGLProject\OpenGLProject\Debug\link.4436-cvtres.read.1.tlog
D:\OpenGLProject\OpenGLProject\Debug\link.4436-cvtres.write.1.tlog
D:\OpenGLProject\OpenGLProject\Debug\link.4436-rc.read.1.tlog
D:\OpenGLProject\OpenGLProject\Debug\link.4436-rc.write.1.tlog
D:\OpenGLProject\OpenGLProject\Debug\link.4436.read.1.tlog
D:\OpenGLProject\OpenGLProject\Debug\link.4436.write.1.tlog
D:\OpenGLProject\OpenGLProject\Debug\link.4476-cvtres.read.1.tlog
D:\OpenGLProject\OpenGLProject\Debug\link.4476-cvtres.write.1.tlog
D:\OpenGLProject\OpenGLProject\Debug\link.4476-rc.read.1.tlog
D:\OpenGLProject\OpenGLProject\Debug\link.4476-rc.write.1.tlog
D:\OpenGLProject\OpenGLProject\Debug\link.4476.read.1.tlog
D:\OpenGLProject\OpenGLProject\Debug\link.4476.write.1.tlog
D:\OpenGLProject\OpenGLProject\Debug\link.4480-cvtres.read.1.tlog
D:\OpenGLProject\OpenGLProject\Debug\link.4480-cvtres.write.1.tlog
D:\OpenGLProject\OpenGLProject\Debug\link.4480-rc.read.1.tlog
D:\OpenGLProject\OpenGLProject\Debug\link.4480-rc.write.1.tlog
D:\OpenGLProject\OpenGLProject\Debug\link.4480.read.1.tlog
D:\OpenGLProject\OpenGLProject\Debug\link.4480.write.1.tlog
D:\OpenGLProject\OpenGLProject\Debug\link.4488-cvtres.read.1.tlog
D:\OpenGLProject\OpenGLProject\Debug\link.4488-cvtres.write.1.tlog
D:\OpenGLProject\OpenGLProject\Debug\link.4488-rc.read.1.tlog
D:\OpenGLProject\OpenGLProject\Debug\link.4488-rc.write.1.tlog
D:\OpenGLProject\OpenGLProject\Debug\link.4488.read.1.tlog
D:\OpenGLProject\OpenGLProject\Debug\link.4488.write.1.tlog
D:\OpenGLProject\OpenGLProject\Debug\link.4500-cvtres.read.1.tlog
D:\OpenGLProject\OpenGLProject\Debug\link.4500-cvtres.write.1.tlog
D:\OpenGLProject\OpenGLProject\Debug\link.4500-rc.read.1.tlog
D:\OpenGLProject\OpenGLProject\Debug\link.4500-rc.write.1.tlog
D:\OpenGLProject\OpenGLProject\Debug\link.4500.read.1.tlog
D:\OpenGLProject\OpenGLProject\Debug\link.4500.write.1.tlog
D:\OpenGLProject\OpenGLProject\Debug\link.4504-cvtres.read.1.tlog
D:\OpenGLProject\OpenGLProject\Debug\link.4504-cvtres.write.1.tlog
D:\OpenGLProject\OpenGLProject\Debug\link.4504-rc.read.1.tlog
D:\OpenGLProject\OpenGLProject\Debug\link.4504-rc.write.1.tlog
D:\OpenGLProject\OpenGLProject\Debug\link.4504.read.1.tlog
D:\OpenGLProject\OpenGLProject\Debug\link.4504.write.1.tlog
D:\OpenGLProject\OpenGLProject\Debug\link.4524-cvtres.read.1.tlog
D:\OpenGLProject\OpenGLProject\Debug\link.4524-cvtres.write.1.tlog
D:\OpenGLProject\OpenGLProject\Debug\link.4524-rc.read.1.tlog
D:\OpenGLProject\OpenGLProject\Debug\link.4524-rc.write.1.tlog
D:\OpenGLProject\OpenGLProject\Debug\link.4524.read.1.tlog
D:\OpenGLProject\OpenGLProject\Debug\link.4524.write.1.tlog
D:\OpenGLProject\OpenGLProject\Debug\link.4536-cvtres.read.1.tlog
D:\OpenGLProject\OpenGLProject\Debug\link.4536-cvtres.write.1.tlog
D:\OpenGLProject\OpenGLProject\Debug\link.4536-rc.read.1.tlog
D:\OpenGLProject\OpenGLProject\Debug\link.4536-rc.write.1.tlog
D:\OpenGLProject\OpenGLProject\Debug\link.4536.read.1.tlog
D:\OpenGLProject\OpenGLProject\Debug\link.4536.write.1.tlog
D:\OpenGLProject\OpenGLProject\Debug\link.4548-cvtres.read.1.tlog
D:\OpenGLProject\OpenGLProject\Debug\link.4548-cvtres.write.1.tlog
D:\OpenGLProject\OpenGLProject\Debug\link.4548-rc.read.1.tlog
D:\OpenGLProject\OpenGLProject\Debug\link.4548-rc.write.1.tlog
D:\OpenGLProject\OpenGLProject\Debug\link.4548.read.1.tlog
D:\OpenGLProject\OpenGLProject\Debug\link.4548.write.1.tlog
D:\OpenGLProject\OpenGLProject\Debug\link.4560-cvtres.read.1.tlog
D:\OpenGLProject\OpenGLProject\Debug\link.4560-cvtres.write.1.tlog
D:\OpenGLProject\OpenGLProject\Debug\link.4560-rc.read.1.tlog
D:\OpenGLProject\OpenGLProject\Debug\link.4560-rc.write.1.tlog
D:\OpenGLProject\OpenGLProject\Debug\link.4560.read.1.tlog
D:\OpenGLProject\OpenGLProject\Debug\link.4560.write.1.tlog
D:\OpenGLProject\OpenGLProject\Debug\link.4572-cvtres.read.1.tlog
D:\OpenGLProject\OpenGLProject\Debug\link.4572-cvtres.write.1.tlog
D:\OpenGLProject\OpenGLProject\Debug\link.4572-rc.read.1.tlog
D:\OpenGLProject\OpenGLProject\Debug\link.4572-rc.write.1.tlog
D:\OpenGLProject\OpenGLProject\Debug\link.4572.read.1.tlog
D:\OpenGLProject\OpenGLProject\Debug\link.4572.write.1.tlog
D:\OpenGLProject\OpenGLProject\Debug\link.4588-cvtres.read.1.tlog
D:\OpenGLProject\OpenGLProject\Debug\link.4588-cvtres.write.1.tlog
D:\OpenGLProject\OpenGLProject\Debug\link.4588-rc.read.1.tlog
D:\OpenGLProject\OpenGLProject\Debug\link.4588-rc.write.1.tlog
D:\OpenGLProject\OpenGLProject\Debug\link.4588.read.1.tlog
D:\OpenGLProject\OpenGLProject\Debug\link.4588.write.1.tlog
D:\OpenGLProject\OpenGLProject\Debug\link.4592-cvtres.read.1.tlog
D:\OpenGLProject\OpenGLProject\Debug\link.4592-cvtres.write.1.tlog
D:\OpenGLProject\OpenGLProject\Debug\link.4592-rc.read.1.tlog
D:\OpenGLProject\OpenGLProject\Debug\link.4592-rc.write.1.tlog
D:\OpenGLProject\OpenGLProject\Debug\link.4592.read.1.tlog
D:\OpenGLProject\OpenGLProject\Debug\link.4592.write.1.tlog
D:\OpenGLProject\OpenGLProject\Debug\link.4604-cvtres.read.1.tlog
D:\OpenGLProject\OpenGLProject\Debug\link.4604-cvtres.write.1.tlog
D:\OpenGLProject\OpenGLProject\Debug\link.4604-rc.read.1.tlog
D:\OpenGLProject\OpenGLProject\Debug\link.4604-rc.write.1.tlog
D:\OpenGLProject\OpenGLProject\Debug\link.4604.read.1.tlog
D:\OpenGLProject\OpenGLProject\Debug\link.4604.write.1.tlog
D:\OpenGLProject\OpenGLProject\Debug\link.4612-cvtres.read.1.tlog
D:\OpenGLProject\OpenGLProject\Debug\link.4612-cvtres.write.1.tlog
D:\OpenGLProject\OpenGLProject\Debug\link.4612-rc.read.1.tlog
D:\OpenGLProject\OpenGLProject\Debug\link.4612-rc.write.1.tlog
D:\OpenGLProject\OpenGLProject\Debug\link.4612.read.1.tlog
D:\OpenGLProject\OpenGLProject\Debug\link.4612.write.1.tlog
D:\OpenGLProject\OpenGLProject\Debug\link.4616-cvtres.read.1.tlog
D:\OpenGLProject\OpenGLProject\Debug\link.4616-cvtres.write.1.tlog
D:\OpenGLProject\OpenGLProject\Debug\link.4616-rc.read.1.tlog
D:\OpenGLProject\OpenGLProject\Debug\link.4616-rc.write.1.tlog
D:\OpenGLProject\OpenGLProject\Debug\link.4616.read.1.tlog
D:\OpenGLProject\OpenGLProject\Debug\link.4616.write.1.tlog
D:\OpenGLProject\OpenGLProject\Debug\link.4620-cvtres.read.1.tlog
D:\OpenGLProject\OpenGLProject\Debug\link.4620-cvtres.write.1.tlog
D:\OpenGLProject\OpenGLProject\Debug\link.4620-rc.read.1.tlog
D:\OpenGLProject\OpenGLProject\Debug\link.4620-rc.write.1.tlog
D:\OpenGLProject\OpenGLProject\Debug\link.4620.read.1.tlog
D:\OpenGLProject\OpenGLProject\Debug\link.4620.write.1.tlog
D:\OpenGLProject\OpenGLProject\Debug\link.4640-cvtres.read.1.tlog
D:\OpenGLProject\OpenGLProject\Debug\link.4640-cvtres.write.1.tlog
D:\OpenGLProject\OpenGLProject\Debug\link.4640-rc.read.1.tlog
D:\OpenGLProject\OpenGLProject\Debug\link.4640-rc.write.1.tlog
D:\OpenGLProject\OpenGLProject\Debug\link.4640.read.1.tlog
D:\OpenGLProject\OpenGLProject\Debug\link.4640.write.1.tlog
D:\OpenGLProject\OpenGLProject\Debug\link.4652-cvtres.read.1.tlog
D:\OpenGLProject\OpenGLProject\Debug\link.4652-cvtres.write.1.tlog
D:\OpenGLProject\OpenGLProject\Debug\link.4652-rc.read.1.tlog
D:\OpenGLProject\OpenGLProject\Debug\link.4652-rc.write.1.tlog
D:\OpenGLProject\OpenGLProject\Debug\link.4652.read.1.tlog
D:\OpenGLProject\OpenGLProject\Debug\link.4652.write.1.tlog
D:\OpenGLProject\OpenGLProject\Debug\link.4728-cvtres.read.1.tlog
D:\OpenGLProject\OpenGLProject\Debug\link.4728-cvtres.write.1.tlog
D:\OpenGLProject\OpenGLProject\Debug\link.4728-rc.read.1.tlog
D:\OpenGLProject\OpenGLProject\Debug\link.4728-rc.write.1.tlog
D:\OpenGLProject\OpenGLProject\Debug\link.4728.read.1.tlog
D:\OpenGLProject\OpenGLProject\Debug\link.4728.write.1.tlog
D:\OpenGLProject\OpenGLProject\Debug\link.4744-cvtres.read.1.tlog
D:\OpenGLProject\OpenGLProject\Debug\link.4744-cvtres.write.1.tlog
D:\OpenGLProject\OpenGLProject\Debug\link.4744-rc.read.1.tlog
D:\OpenGLProject\OpenGLProject\Debug\link.4744-rc.write.1.tlog
D:\OpenGLProject\OpenGLProject\Debug\link.4744.read.1.tlog
D:\OpenGLProject\OpenGLProject\Debug\link.4744.write.1.tlog
D:\OpenGLProject\OpenGLProject\Debug\link.4812-cvtres.read.1.tlog
D:\OpenGLProject\OpenGLProject\Debug\link.4812-cvtres.write.1.tlog
D:\OpenGLProject\OpenGLProject\Debug\link.4812-rc.read.1.tlog
D:\OpenGLProject\OpenGLProject\Debug\link.4812-rc.write.1.tlog
D:\OpenGLProject\OpenGLProject\Debug\link.4812.read.1.tlog
D:\OpenGLProject\OpenGLProject\Debug\link.4812.write.1.tlog
D:\OpenGLProject\OpenGLProject\Debug\link.4816-cvtres.read.1.tlog
D:\OpenGLProject\OpenGLProject\Debug\link.4816-cvtres.write.1.tlog
D:\OpenGLProject\OpenGLProject\Debug\link.4816-rc.read.1.tlog
D:\OpenGLProject\OpenGLProject\Debug\link.4816-rc.write.1.tlog
D:\OpenGLProject\OpenGLProject\Debug\link.4816.read.1.tlog
D:\OpenGLProject\OpenGLProject\Debug\link.4816.write.1.tlog
D:\OpenGLProject\OpenGLProject\Debug\link.4824-cvtres.read.1.tlog
D:\OpenGLProject\OpenGLProject\Debug\link.4824-cvtres.write.1.tlog
D:\OpenGLProject\OpenGLProject\Debug\link.4824-rc.read.1.tlog
D:\OpenGLProject\OpenGLProject\Debug\link.4824-rc.write.1.tlog
D:\OpenGLProject\OpenGLProject\Debug\link.4824.read.1.tlog
D:\OpenGLProject\OpenGLProject\Debug\link.4824.write.1.tlog
D:\OpenGLProject\OpenGLProject\Debug\link.4832-cvtres.read.1.tlog
D:\OpenGLProject\OpenGLProject\Debug\link.4832-cvtres.write.1.tlog
D:\OpenGLProject\OpenGLProject\Debug\link.4832-rc.read.1.tlog
D:\OpenGLProject\OpenGLProject\Debug\link.4832-rc.write.1.tlog
D:\OpenGLProject\OpenGLProject\Debug\link.4832.read.1.tlog
D:\OpenGLProject\OpenGLProject\Debug\link.4832.write.1.tlog
D:\OpenGLProject\OpenGLProject\Debug\link.4836-cvtres.read.1.tlog
D:\OpenGLProject\OpenGLProject\Debug\link.4836-cvtres.write.1.tlog
D:\OpenGLProject\OpenGLProject\Debug\link.4836-rc.read.1.tlog
D:\OpenGLProject\OpenGLProject\Debug\link.4836-rc.write.1.tlog
D:\OpenGLProject\OpenGLProject\Debug\link.4836.read.1.tlog
D:\OpenGLProject\OpenGLProject\Debug\link.4836.write.1.tlog
D:\OpenGLProject\OpenGLProject\Debug\link.4860-cvtres.read.1.tlog
D:\OpenGLProject\OpenGLProject\Debug\link.4860-cvtres.write.1.tlog
D:\OpenGLProject\OpenGLProject\Debug\link.4860-rc.read.1.tlog
D:\OpenGLProject\OpenGLProject\Debug\link.4860-rc.write.1.tlog
D:\OpenGLProject\OpenGLProject\Debug\link.4860.read.1.tlog
D:\OpenGLProject\OpenGLProject\Debug\link.4860.write.1.tlog
D:\OpenGLProject\OpenGLProject\Debug\link.4864-cvtres.read.1.tlog
D:\OpenGLProject\OpenGLProject\Debug\link.4864-cvtres.write.1.tlog
D:\OpenGLProject\OpenGLProject\Debug\link.4864-rc.read.1.tlog
D:\OpenGLProject\OpenGLProject\Debug\link.4864-rc.write.1.tlog
D:\OpenGLProject\OpenGLProject\Debug\link.4864.read.1.tlog
D:\OpenGLProject\OpenGLProject\Debug\link.4864.write.1.tlog
D:\OpenGLProject\OpenGLProject\Debug\link.4888-cvtres.read.1.tlog
D:\OpenGLProject\OpenGLProject\Debug\link.4888-cvtres.write.1.tlog
D:\OpenGLProject\OpenGLProject\Debug\link.4888-rc.read.1.tlog
D:\OpenGLProject\OpenGLProject\Debug\link.4888-rc.write.1.tlog
D:\OpenGLProject\OpenGLProject\Debug\link.4888.read.1.tlog
D:\OpenGLProject\OpenGLProject\Debug\link.4888.write.1.tlog
D:\OpenGLProject\OpenGLProject\Debug\link.4916-cvtres.read.1.tlog
D:\OpenGLProject\OpenGLProject\Debug\link.4916-cvtres.write.1.tlog
D:\OpenGLProject\OpenGLProject\Debug\link.4916-rc.read.1.tlog
D:\OpenGLProject\OpenGLProject\Debug\link.4916-rc.write.1.tlog
D:\OpenGLProject\OpenGLProject\Debug\link.4916.read.1.tlog
D:\OpenGLProject\OpenGLProject\Debug\link.4916.write.1.tlog
D:\OpenGLProject\OpenGLProject\Debug\link.4940-cvtres.read.1.tlog
D:\OpenGLProject\OpenGLProject\Debug\link.4940-cvtres.write.1.tlog
D:\OpenGLProject\OpenGLProject\Debug\link.4940-rc.read.1.tlog
D:\OpenGLProject\OpenGLProject\Debug\link.4940-rc.write.1.tlog
D:\OpenGLProject\OpenGLProject\Debug\link.4940.read.1.tlog
D:\OpenGLProject\OpenGLProject\Debug\link.4940.write.1.tlog
D:\OpenGLProject\OpenGLProject\Debug\link.4948-cvtres.read.1.tlog
D:\OpenGLProject\OpenGLProject\Debug\link.4948-cvtres.write.1.tlog
D:\OpenGLProject\OpenGLProject\Debug\link.4948-rc.read.1.tlog
D:\OpenGLProject\OpenGLProject\Debug\link.4948-rc.write.1.tlog
D:\OpenGLProject\OpenGLProject\Debug\link.4948.read.1.tlog
D:\OpenGLProject\OpenGLProject\Debug\link.4948.write.1.tlog
D:\OpenGLProject\OpenGLProject\Debug\link.496-cvtres.read.1.tlog
D:\OpenGLProject\OpenGLProject\Debug\link.496-cvtres.write.1.tlog
D:\OpenGLProject\OpenGLProject\Debug\link.496-rc.read.1.tlog
D:\OpenGLProject\OpenGLProject\Debug\link.496-rc.write.1.tlog
D:\OpenGLProject\OpenGLProject\Debug\link.496.read.1.tlog
D:\OpenGLProject\OpenGLProject\Debug\link.496.write.1.tlog
D:\OpenGLProject\OpenGLProject\Debug\link.4960-cvtres.read.1.tlog
D:\OpenGLProject\OpenGLProject\Debug\link.4960-cvtres.write.1.tlog
D:\OpenGLProject\OpenGLProject\Debug\link.4960-rc.read.1.tlog
D:\OpenGLProject\OpenGLProject\Debug\link.4960-rc.write.1.tlog
D:\OpenGLProject\OpenGLProject\Debug\link.4960.read.1.tlog
D:\OpenGLProject\OpenGLProject\Debug\link.4960.write.1.tlog
D:\OpenGLProject\OpenGLProject\Debug\link.5000-cvtres.read.1.tlog
D:\OpenGLProject\OpenGLProject\Debug\link.5000-cvtres.write.1.tlog
D:\OpenGLProject\OpenGLProject\Debug\link.5000-rc.read.1.tlog
D:\OpenGLProject\OpenGLProject\Debug\link.5000-rc.write.1.tlog
D:\OpenGLProject\OpenGLProject\Debug\link.5000.read.1.tlog
D:\OpenGLProject\OpenGLProject\Debug\link.5000.write.1.tlog
D:\OpenGLProject\OpenGLProject\Debug\link.5004-cvtres.read.1.tlog
D:\OpenGLProject\OpenGLProject\Debug\link.5004-cvtres.write.1.tlog
D:\OpenGLProject\OpenGLProject\Debug\link.5004-rc.read.1.tlog
D:\OpenGLProject\OpenGLProject\Debug\link.5004-rc.write.1.tlog
D:\OpenGLProject\OpenGLProject\Debug\link.5004.read.1.tlog
D:\OpenGLProject\OpenGLProject\Debug\link.5004.write.1.tlog
D:\OpenGLProject\OpenGLProject\Debug\link.5008-cvtres.read.1.tlog
D:\OpenGLProject\OpenGLProject\Debug\link.5008-cvtres.write.1.tlog
D:\OpenGLProject\OpenGLProject\Debug\link.5008-rc.read.1.tlog
D:\OpenGLProject\OpenGLProject\Debug\link.5008-rc.write.1.tlog
D:\OpenGLProject\OpenGLProject\Debug\link.5008.read.1.tlog
D:\OpenGLProject\OpenGLProject\Debug\link.5008.write.1.tlog
D:\OpenGLProject\OpenGLProject\Debug\link.5024-cvtres.read.1.tlog
D:\OpenGLProject\OpenGLProject\Debug\link.5024-cvtres.write.1.tlog
D:\OpenGLProject\OpenGLProject\Debug\link.5024-rc.read.1.tlog
D:\OpenGLProject\OpenGLProject\Debug\link.5024-rc.write.1.tlog
D:\OpenGLProject\OpenGLProject\Debug\link.5024.read.1.tlog
D:\OpenGLProject\OpenGLProject\Debug\link.5024.write.1.tlog
D:\OpenGLProject\OpenGLProject\Debug\link.5032-cvtres.read.1.tlog
D:\OpenGLProject\OpenGLProject\Debug\link.5032-cvtres.write.1.tlog
D:\OpenGLProject\OpenGLProject\Debug\link.5032-rc.read.1.tlog
D:\OpenGLProject\OpenGLProject\Debug\link.5032-rc.write.1.tlog
D:\OpenGLProject\OpenGLProject\Debug\link.5032.read.1.tlog
D:\OpenGLProject\OpenGLProject\Debug\link.5032.write.1.tlog
D:\OpenGLProject\OpenGLProject\Debug\link.5036-cvtres.read.1.tlog
D:\OpenGLProject\OpenGLProject\Debug\link.5036-cvtres.write.1.tlog
D:\OpenGLProject\OpenGLProject\Debug\link.5036-rc.read.1.tlog
D:\OpenGLProject\OpenGLProject\Debug\link.5036-rc.write.1.tlog
D:\OpenGLProject\OpenGLProject\Debug\link.5036.read.1.tlog
D:\OpenGLProject\OpenGLProject\Debug\link.5036.write.1.tlog
D:\OpenGLProject\OpenGLProject\Debug\link.504-cvtres.read.1.tlog
D:\OpenGLProject\OpenGLProject\Debug\link.504-cvtres.write.1.tlog
D:\OpenGLProject\OpenGLProject\Debug\link.504-rc.read.1.tlog
D:\OpenGLProject\OpenGLProject\Debug\link.504-rc.write.1.tlog
D:\OpenGLProject\OpenGLProject\Debug\link.504.read.1.tlog
D:\OpenGLProject\OpenGLProject\Debug\link.504.write.1.tlog
D:\OpenGLProject\OpenGLProject\Debug\link.5040-cvtres.read.1.tlog
D:\OpenGLProject\OpenGLProject\Debug\link.5040-cvtres.write.1.tlog
D:\OpenGLProject\OpenGLProject\Debug\link.5040-rc.read.1.tlog
D:\OpenGLProject\OpenGLProject\Debug\link.5040-rc.write.1.tlog
D:\OpenGLProject\OpenGLProject\Debug\link.5040.read.1.tlog
D:\OpenGLProject\OpenGLProject\Debug\link.5040.write.1.tlog
D:\OpenGLProject\OpenGLProject\Debug\link.5048-cvtres.read.1.tlog
D:\OpenGLProject\OpenGLProject\Debug\link.5048-cvtres.write.1.tlog
D:\OpenGLProject\OpenGLProject\Debug\link.5048-rc.read.1.tlog
D:\OpenGLProject\OpenGLProject\Debug\link.5048-rc.write.1.tlog
D:\OpenGLProject\OpenGLProject\Debug\link.5048.read.1.tlog
D:\OpenGLProject\OpenGLProject\Debug\link.5048.write.1.tlog
D:\OpenGLProject\OpenGLProject\Debug\link.5052-cvtres.read.1.tlog
D:\OpenGLProject\OpenGLProject\Debug\link.5052-cvtres.write.1.tlog
D:\OpenGLProject\OpenGLProject\Debug\link.5052-rc.read.1.tlog
D:\OpenGLProject\OpenGLProject\Debug\link.5052-rc.write.1.tlog
D:\OpenGLProject\OpenGLProject\Debug\link.5052.read.1.tlog
D:\OpenGLProject\OpenGLProject\Debug\link.5052.write.1.tlog
D:\OpenGLProject\OpenGLProject\Debug\link.5080-cvtres.read.1.tlog
D:\OpenGLProject\OpenGLProject\Debug\link.5080-cvtres.write.1.tlog
D:\OpenGLProject\OpenGLProject\Debug\link.5080-rc.read.1.tlog
D:\OpenGLProject\OpenGLProject\Debug\link.5080-rc.write.1.tlog
D:\OpenGLProject\OpenGLProject\Debug\link.5080.read.1.tlog
D:\OpenGLProject\OpenGLProject\Debug\link.5080.write.1.tlog
D:\OpenGLProject\OpenGLProject\Debug\link.5096-cvtres.read.1.tlog
D:\OpenGLProject\OpenGLProject\Debug\link.5096-cvtres.write.1.tlog
D:\OpenGLProject\OpenGLProject\Debug\link.5096-rc.read.1.tlog
D:\OpenGLProject\OpenGLProject\Debug\link.5096-rc.write.1.tlog
D:\OpenGLProject\OpenGLProject\Debug\link.5096.read.1.tlog
D:\OpenGLProject\OpenGLProject\Debug\link.5096.write.1.tlog
D:\OpenGLProject\OpenGLProject\Debug\link.5100-cvtres.read.1.tlog
D:\OpenGLProject\OpenGLProject\Debug\link.5100-cvtres.write.1.tlog
D:\OpenGLProject\OpenGLProject\Debug\link.5100-rc.read.1.tlog
D:\OpenGLProject\OpenGLProject\Debug\link.5100-rc.write.1.tlog
D:\OpenGLProject\OpenGLProject\Debug\link.5100.read.1.tlog
D:\OpenGLProject\OpenGLProject\Debug\link.5100.write.1.tlog
D:\OpenGLProject\OpenGLProject\Debug\link.5104-cvtres.read.1.tlog
D:\OpenGLProject\OpenGLProject\Debug\link.5104-cvtres.write.1.tlog
D:\OpenGLProject\OpenGLProject\Debug\link.5104-rc.read.1.tlog
D:\OpenGLProject\OpenGLProject\Debug\link.5104-rc.write.1.tlog
D:\OpenGLProject\OpenGLProject\Debug\link.5104.read.1.tlog
D:\OpenGLProject\OpenGLProject\Debug\link.5104.write.1.tlog
D:\OpenGLProject\OpenGLProject\Debug\link.5108-cvtres.read.1.tlog
D:\OpenGLProject\OpenGLProject\Debug\link.5108-cvtres.write.1.tlog
D:\OpenGLProject\OpenGLProject\Debug\link.5108-rc.read.1.tlog
D:\OpenGLProject\OpenGLProject\Debug\link.5108-rc.write.1.tlog
D:\OpenGLProject\OpenGLProject\Debug\link.5108.read.1.tlog
D:\OpenGLProject\OpenGLProject\Debug\link.5108.write.1.tlog
D:\OpenGLProject\OpenGLProject\Debug\link.5124-cvtres.read.1.tlog
D:\OpenGLProject\OpenGLProject\Debug\link.5124-cvtres.write.1.tlog
D:\OpenGLProject\OpenGLProject\Debug\link.5124-rc.read.1.tlog
D:\OpenGLProject\OpenGLProject\Debug\link.5124-rc.write.1.tlog
D:\OpenGLProject\OpenGLProject\Debug\link.5124.read.1.tlog
D:\OpenGLProject\OpenGLProject\Debug\link.5124.write.1.tlog
D:\OpenGLProject\OpenGLProject\Debug\link.5156-cvtres.read.1.tlog
D:\OpenGLProject\OpenGLProject\Debug\link.5156-cvtres.write.1.tlog
D:\OpenGLProject\OpenGLProject\Debug\link.5156-rc.read.1.tlog
D:\OpenGLProject\OpenGLProject\Debug\link.5156-rc.write.1.tlog
D:\OpenGLProject\OpenGLProject\Debug\link.5156.read.1.tlog
D:\OpenGLProject\OpenGLProject\Debug\link.5156.write.1.tlog
D:\OpenGLProject\OpenGLProject\Debug\link.5220-cvtres.read.1.tlog
D:\OpenGLProject\OpenGLProject\Debug\link.5220-cvtres.write.1.tlog
D:\OpenGLProject\OpenGLProject\Debug\link.5220-rc.read.1.tlog
D:\OpenGLProject\OpenGLProject\Debug\link.5220-rc.write.1.tlog
D:\OpenGLProject\OpenGLProject\Debug\link.5220.read.1.tlog
D:\OpenGLProject\OpenGLProject\Debug\link.5220.write.1.tlog
D:\OpenGLProject\OpenGLProject\Debug\link.5232-cvtres.read.1.tlog
D:\OpenGLProject\OpenGLProject\Debug\link.5232-cvtres.write.1.tlog
D:\OpenGLProject\OpenGLProject\Debug\link.5232-rc.read.1.tlog
D:\OpenGLProject\OpenGLProject\Debug\link.5232-rc.write.1.tlog
D:\OpenGLProject\OpenGLProject\Debug\link.5232.read.1.tlog
D:\OpenGLProject\OpenGLProject\Debug\link.5232.write.1.tlog
D:\OpenGLProject\OpenGLProject\Debug\link.5236-cvtres.read.1.tlog
D:\OpenGLProject\OpenGLProject\Debug\link.5236-cvtres.write.1.tlog
D:\OpenGLProject\OpenGLProject\Debug\link.5236-rc.read.1.tlog
D:\OpenGLProject\OpenGLProject\Debug\link.5236-rc.write.1.tlog
D:\OpenGLProject\OpenGLProject\Debug\link.5236.read.1.tlog
D:\OpenGLProject\OpenGLProject\Debug\link.5236.write.1.tlog
D:\OpenGLProject\OpenGLProject\Debug\link.5264-cvtres.read.1.tlog
D:\OpenGLProject\OpenGLProject\Debug\link.5264-cvtres.write.1.tlog
D:\OpenGLProject\OpenGLProject\Debug\link.5264-rc.read.1.tlog
D:\OpenGLProject\OpenGLProject\Debug\link.5264-rc.write.1.tlog
D:\OpenGLProject\OpenGLProject\Debug\link.5264.read.1.tlog
D:\OpenGLProject\OpenGLProject\Debug\link.5264.write.1.tlog
D:\OpenGLProject\OpenGLProject\Debug\link.5268-cvtres.read.1.tlog
D:\OpenGLProject\OpenGLProject\Debug\link.5268-cvtres.write.1.tlog
D:\OpenGLProject\OpenGLProject\Debug\link.5268-rc.read.1.tlog
D:\OpenGLProject\OpenGLProject\Debug\link.5268-rc.write.1.tlog
D:\OpenGLProject\OpenGLProject\Debug\link.5268.read.1.tlog
D:\OpenGLProject\OpenGLProject\Debug\link.5268.write.1.tlog
D:\OpenGLProject\OpenGLProject\Debug\link.5284-cvtres.read.1.tlog
D:\OpenGLProject\OpenGLProject\Debug\link.5284-cvtres.write.1.tlog
D:\OpenGLProject\OpenGLProject\Debug\link.5284-rc.read.1.tlog
D:\OpenGLProject\OpenGLProject\Debug\link.5284-rc.write.1.tlog
D:\OpenGLProject\OpenGLProject\Debug\link.5284.read.1.tlog
D:\OpenGLProject\OpenGLProject\Debug\link.5284.write.1.tlog
D:\OpenGLProject\OpenGLProject\Debug\link.5288-cvtres.read.1.tlog
D:\OpenGLProject\OpenGLProject\Debug\link.5288-cvtres.write.1.tlog
D:\OpenGLProject\OpenGLProject\Debug\link.5288-rc.read.1.tlog
D:\OpenGLProject\OpenGLProject\Debug\link.5288-rc.write.1.tlog
D:\OpenGLProject\OpenGLProject\Debug\link.5288.read.1.tlog
D:\OpenGLProject\OpenGLProject\Debug\link.5288.write.1.tlog
D:\OpenGLProject\OpenGLProject\Debug\link.5292-cvtres.read.1.tlog
D:\OpenGLProject\OpenGLProject\Debug\link.5292-cvtres.write.1.tlog
D:\OpenGLProject\OpenGLProject\Debug\link.5292-rc.read.1.tlog
D:\OpenGLProject\OpenGLProject\Debug\link.5292-rc.write.1.tlog
D:\OpenGLProject\OpenGLProject\Debug\link.5292.read.1.tlog
D:\OpenGLProject\OpenGLProject\Debug\link.5292.write.1.tlog
D:\OpenGLProject\OpenGLProject\Debug\link.5316-cvtres.read.1.tlog
D:\OpenGLProject\OpenGLProject\Debug\link.5316-cvtres.write.1.tlog
D:\OpenGLProject\OpenGLProject\Debug\link.5316-rc.read.1.tlog
D:\OpenGLProject\OpenGLProject\Debug\link.5316-rc.write.1.tlog
D:\OpenGLProject\OpenGLProject\Debug\link.5316.read.1.tlog
D:\OpenGLProject\OpenGLProject\Debug\link.5316.write.1.tlog
D:\OpenGLProject\OpenGLProject\Debug\link.5340-cvtres.read.1.tlog
D:\OpenGLProject\OpenGLProject\Debug\link.5340-cvtres.write.1.tlog
D:\OpenGLProject\OpenGLProject\Debug\link.5340-rc.read.1.tlog
D:\OpenGLProject\OpenGLProject\Debug\link.5340-rc.write.1.tlog
D:\OpenGLProject\OpenGLProject\Debug\link.5340.read.1.tlog
D:\OpenGLProject\OpenGLProject\Debug\link.5340.write.1.tlog
D:\OpenGLProject\OpenGLProject\Debug\link.5344-cvtres.read.1.tlog
D:\OpenGLProject\OpenGLProject\Debug\link.5344-cvtres.write.1.tlog
D:\OpenGLProject\OpenGLProject\Debug\link.5344-rc.read.1.tlog
D:\OpenGLProject\OpenGLProject\Debug\link.5344-rc.write.1.tlog
D:\OpenGLProject\OpenGLProject\Debug\link.5344.read.1.tlog
D:\OpenGLProject\OpenGLProject\Debug\link.5344.write.1.tlog
D:\OpenGLProject\OpenGLProject\Debug\link.5348-cvtres.read.1.tlog
D:\OpenGLProject\OpenGLProject\Debug\link.5348-cvtres.write.1.tlog
D:\OpenGLProject\OpenGLProject\Debug\link.5348-rc.read.1.tlog
D:\OpenGLProject\OpenGLProject\Debug\link.5348-rc.write.1.tlog
D:\OpenGLProject\OpenGLProject\Debug\link.5348.read.1.tlog
D:\OpenGLProject\OpenGLProject\Debug\link.5348.write.1.tlog
D:\OpenGLProject\OpenGLProject\Debug\link.5356-cvtres.read.1.tlog
D:\OpenGLProject\OpenGLProject\Debug\link.5356-cvtres.write.1.tlog
D:\OpenGLProject\OpenGLProject\Debug\link.5356-rc.read.1.tlog
D:\OpenGLProject\OpenGLProject\Debug\link.5356-rc.write.1.tlog
D:\OpenGLProject\OpenGLProject\Debug\link.5356.read.1.tlog
D:\OpenGLProject\OpenGLProject\Debug\link.5356.write.1.tlog
D:\OpenGLProject\OpenGLProject\Debug\link.5380-cvtres.read.1.tlog
D:\OpenGLProject\OpenGLProject\Debug\link.5380-cvtres.write.1.tlog
D:\OpenGLProject\OpenGLProject\Debug\link.5380-rc.read.1.tlog
D:\OpenGLProject\OpenGLProject\Debug\link.5380-rc.write.1.tlog
D:\OpenGLProject\OpenGLProject\Debug\link.5380.read.1.tlog
D:\OpenGLProject\OpenGLProject\Debug\link.5380.write.1.tlog
D:\OpenGLProject\OpenGLProject\Debug\link.5384-cvtres.read.1.tlog
D:\OpenGLProject\OpenGLProject\Debug\link.5384-cvtres.write.1.tlog
D:\OpenGLProject\OpenGLProject\Debug\link.5384-rc.read.1.tlog
D:\OpenGLProject\OpenGLProject\Debug\link.5384-rc.write.1.tlog
D:\OpenGLProject\OpenGLProject\Debug\link.5384.read.1.tlog
D:\OpenGLProject\OpenGLProject\Debug\link.5384.write.1.tlog
D:\OpenGLProject\OpenGLProject\Debug\link.5404-cvtres.read.1.tlog
D:\OpenGLProject\OpenGLProject\Debug\link.5404-cvtres.write.1.tlog
D:\OpenGLProject\OpenGLProject\Debug\link.5404-rc.read.1.tlog
D:\OpenGLProject\OpenGLProject\Debug\link.5404-rc.write.1.tlog
D:\OpenGLProject\OpenGLProject\Debug\link.5404.read.1.tlog
D:\OpenGLProject\OpenGLProject\Debug\link.5404.write.1.tlog
D:\OpenGLProject\OpenGLProject\Debug\link.5416-cvtres.read.1.tlog
D:\OpenGLProject\OpenGLProject\Debug\link.5416-cvtres.write.1.tlog
D:\OpenGLProject\OpenGLProject\Debug\link.5416-rc.read.1.tlog
D:\OpenGLProject\OpenGLProject\Debug\link.5416-rc.write.1.tlog
D:\OpenGLProject\OpenGLProject\Debug\link.5416.read.1.tlog
D:\OpenGLProject\OpenGLProject\Debug\link.5416.write.1.tlog
D:\OpenGLProject\OpenGLProject\Debug\link.5420-cvtres.read.1.tlog
D:\OpenGLProject\OpenGLProject\Debug\link.5420-cvtres.write.1.tlog
D:\OpenGLProject\OpenGLProject\Debug\link.5420-rc.read.1.tlog
D:\OpenGLProject\OpenGLProject\Debug\link.5420-rc.write.1.tlog
D:\OpenGLProject\OpenGLProject\Debug\link.5420.read.1.tlog
D:\OpenGLProject\OpenGLProject\Debug\link.5420.write.1.tlog
D:\OpenGLProject\OpenGLProject\Debug\link.5452-cvtres.read.1.tlog
D:\OpenGLProject\OpenGLProject\Debug\link.5452-cvtres.write.1.tlog
D:\OpenGLProject\OpenGLProject\Debug\link.5452-rc.read.1.tlog
D:\OpenGLProject\OpenGLProject\Debug\link.5452-rc.write.1.tlog
D:\OpenGLProject\OpenGLProject\Debug\link.5452.read.1.tlog
D:\OpenGLProject\OpenGLProject\Debug\link.5452.write.1.tlog
D:\OpenGLProject\OpenGLProject\Debug\link.5480-cvtres.read.1.tlog
D:\OpenGLProject\OpenGLProject\Debug\link.5480-cvtres.write.1.tlog
D:\OpenGLProject\OpenGLProject\Debug\link.5480-rc.read.1.tlog
D:\OpenGLProject\OpenGLProject\Debug\link.5480-rc.write.1.tlog
D:\OpenGLProject\OpenGLProject\Debug\link.5480.read.1.tlog
D:\OpenGLProject\OpenGLProject\Debug\link.5480.write.1.tlog
D:\OpenGLProject\OpenGLProject\Debug\link.5496-cvtres.read.1.tlog
D:\OpenGLProject\OpenGLProject\Debug\link.5496-cvtres.write.1.tlog
D:\OpenGLProject\OpenGLProject\Debug\link.5496-rc.read.1.tlog
D:\OpenGLProject\OpenGLProject\Debug\link.5496-rc.write.1.tlog
D:\OpenGLProject\OpenGLProject\Debug\link.5496.read.1.tlog
D:\OpenGLProject\OpenGLProject\Debug\link.5496.write.1.tlog
D:\OpenGLProject\OpenGLProject\Debug\link.5548-cvtres.read.1.tlog
D:\OpenGLProject\OpenGLProject\Debug\link.5548-cvtres.write.1.tlog
D:\OpenGLProject\OpenGLProject\Debug\link.5548-rc.read.1.tlog
D:\OpenGLProject\OpenGLProject\Debug\link.5548-rc.write.1.tlog
D:\OpenGLProject\OpenGLProject\Debug\link.5548.read.1.tlog
D:\OpenGLProject\OpenGLProject\Debug\link.5548.write.1.tlog
D:\OpenGLProject\OpenGLProject\Debug\link.5564-cvtres.read.1.tlog
D:\OpenGLProject\OpenGLProject\Debug\link.5564-cvtres.write.1.tlog
D:\OpenGLProject\OpenGLProject\Debug\link.5564-rc.read.1.tlog
D:\OpenGLProject\OpenGLProject\Debug\link.5564-rc.write.1.tlog
D:\OpenGLProject\OpenGLProject\Debug\link.5564.read.1.tlog
D:\OpenGLProject\OpenGLProject\Debug\link.5564.write.1.tlog
D:\OpenGLProject\OpenGLProject\Debug\link.5568-cvtres.read.1.tlog
D:\OpenGLProject\OpenGLProject\Debug\link.5568-cvtres.write.1.tlog
D:\OpenGLProject\OpenGLProject\Debug\link.5568-rc.read.1.tlog
D:\OpenGLProject\OpenGLProject\Debug\link.5568-rc.write.1.tlog
D:\OpenGLProject\OpenGLProject\Debug\link.5568.read.1.tlog
D:\OpenGLProject\OpenGLProject\Debug\link.5568.write.1.tlog
D:\OpenGLProject\OpenGLProject\Debug\link.5572-cvtres.read.1.tlog
D:\OpenGLProject\OpenGLProject\Debug\link.5572-cvtres.write.1.tlog
D:\OpenGLProject\OpenGLProject\Debug\link.5572-rc.read.1.tlog
D:\OpenGLProject\OpenGLProject\Debug\link.5572-rc.write.1.tlog
D:\OpenGLProject\OpenGLProject\Debug\link.5572.read.1.tlog
D:\OpenGLProject\OpenGLProject\Debug\link.5572.write.1.tlog
D:\OpenGLProject\OpenGLProject\Debug\link.5600-cvtres.read.1.tlog
D:\OpenGLProject\OpenGLProject\Debug\link.5600-cvtres.write.1.tlog
D:\OpenGLProject\OpenGLProject\Debug\link.5600-rc.read.1.tlog
D:\OpenGLProject\OpenGLProject\Debug\link.5600-rc.write.1.tlog
D:\OpenGLProject\OpenGLProject\Debug\link.5600.read.1.tlog
D:\OpenGLProject\OpenGLProject\Debug\link.5600.write.1.tlog
D:\OpenGLProject\OpenGLProject\Debug\link.5608-cvtres.read.1.tlog
D:\OpenGLProject\OpenGLProject\Debug\link.5608-cvtres.write.1.tlog
D:\OpenGLProject\OpenGLProject\Debug\link.5608-rc.read.1.tlog
D:\OpenGLProject\OpenGLProject\Debug\link.5608-rc.write.1.tlog
D:\OpenGLProject\OpenGLProject\Debug\link.5608.read.1.tlog
D:\OpenGLProject\OpenGLProject\Debug\link.5608.write.1.tlog
D:\OpenGLProject\OpenGLProject\Debug\link.5632-cvtres.read.1.tlog
D:\OpenGLProject\OpenGLProject\Debug\link.5632-cvtres.write.1.tlog
D:\OpenGLProject\OpenGLProject\Debug\link.5632-rc.read.1.tlog
D:\OpenGLProject\OpenGLProject\Debug\link.5632-rc.write.1.tlog
D:\OpenGLProject\OpenGLProject\Debug\link.5632.read.1.tlog
D:\OpenGLProject\OpenGLProject\Debug\link.5632.write.1.tlog
D:\OpenGLProject\OpenGLProject\Debug\link.5640-cvtres.read.1.tlog
D:\OpenGLProject\OpenGLProject\Debug\link.5640-cvtres.write.1.tlog
D:\OpenGLProject\OpenGLProject\Debug\link.5640-rc.read.1.tlog
D:\OpenGLProject\OpenGLProject\Debug\link.5640-rc.write.1.tlog
D:\OpenGLProject\OpenGLProject\Debug\link.5640.read.1.tlog
D:\OpenGLProject\OpenGLProject\Debug\link.5640.write.1.tlog
D:\OpenGLProject\OpenGLProject\Debug\link.5676-cvtres.read.1.tlog
D:\OpenGLProject\OpenGLProject\Debug\link.5676-cvtres.write.1.tlog
D:\OpenGLProject\OpenGLProject\Debug\link.5676-rc.read.1.tlog
D:\OpenGLProject\OpenGLProject\Debug\link.5676-rc.write.1.tlog
D:\OpenGLProject\OpenGLProject\Debug\link.5676.read.1.tlog
D:\OpenGLProject\OpenGLProject\Debug\link.5676.write.1.tlog
D:\OpenGLProject\OpenGLProject\Debug\link.5684-cvtres.read.1.tlog
D:\OpenGLProject\OpenGLProject\Debug\link.5684-cvtres.write.1.tlog
D:\OpenGLProject\OpenGLProject\Debug\link.5684-rc.read.1.tlog
D:\OpenGLProject\OpenGLProject\Debug\link.5684-rc.write.1.tlog
D:\OpenGLProject\OpenGLProject\Debug\link.5684.read.1.tlog
D:\OpenGLProject\OpenGLProject\Debug\link.5684.write.1.tlog
D:\OpenGLProject\OpenGLProject\Debug\link.5700-cvtres.read.1.tlog
D:\OpenGLProject\OpenGLProject\Debug\link.5700-cvtres.write.1.tlog
D:\OpenGLProject\OpenGLProject\Debug\link.5700-rc.read.1.tlog
D:\OpenGLProject\OpenGLProject\Debug\link.5700-rc.write.1.tlog
D:\OpenGLProject\OpenGLProject\Debug\link.5700.read.1.tlog
D:\OpenGLProject\OpenGLProject\Debug\link.5700.write.1.tlog
D:\OpenGLProject\OpenGLProject\Debug\link.5716-cvtres.read.1.tlog
D:\OpenGLProject\OpenGLProject\Debug\link.5716-cvtres.write.1.tlog
D:\OpenGLProject\OpenGLProject\Debug\link.5716-rc.read.1.tlog
D:\OpenGLProject\OpenGLProject\Debug\link.5716-rc.write.1.tlog
D:\OpenGLProject\OpenGLProject\Debug\link.5716.read.1.tlog
D:\OpenGLProject\OpenGLProject\Debug\link.5716.write.1.tlog
D:\OpenGLProject\OpenGLProject\Debug\link.572-cvtres.read.1.tlog
D:\OpenGLProject\OpenGLProject\Debug\link.572-cvtres.write.1.tlog
D:\OpenGLProject\OpenGLProject\Debug\link.572-rc.read.1.tlog
D:\OpenGLProject\OpenGLProject\Debug\link.572-rc.write.1.tlog
D:\OpenGLProject\OpenGLProject\Debug\link.572.read.1.tlog
D:\OpenGLProject\OpenGLProject\Debug\link.572.write.1.tlog
D:\OpenGLProject\OpenGLProject\Debug\link.5736-cvtres.read.1.tlog
D:\OpenGLProject\OpenGLProject\Debug\link.5736-cvtres.write.1.tlog
D:\OpenGLProject\OpenGLProject\Debug\link.5736-rc.read.1.tlog
D:\OpenGLProject\OpenGLProject\Debug\link.5736-rc.write.1.tlog
D:\OpenGLProject\OpenGLProject\Debug\link.5736.read.1.tlog
D:\OpenGLProject\OpenGLProject\Debug\link.5736.write.1.tlog
D:\OpenGLProject\OpenGLProject\Debug\link.5744-cvtres.read.1.tlog
D:\OpenGLProject\OpenGLProject\Debug\link.5744-cvtres.write.1.tlog
D:\OpenGLProject\OpenGLProject\Debug\link.5744-rc.read.1.tlog
D:\OpenGLProject\OpenGLProject\Debug\link.5744-rc.write.1.tlog
D:\OpenGLProject\OpenGLProject\Debug\link.5744.read.1.tlog
D:\OpenGLProject\OpenGLProject\Debug\link.5744.write.1.tlog
D:\OpenGLProject\OpenGLProject\Debug\link.5752-cvtres.read.1.tlog
D:\OpenGLProject\OpenGLProject\Debug\link.5752-cvtres.write.1.tlog
D:\OpenGLProject\OpenGLProject\Debug\link.5752-rc.read.1.tlog
D:\OpenGLProject\OpenGLProject\Debug\link.5752-rc.write.1.tlog
D:\OpenGLProject\OpenGLProject\Debug\link.5752.read.1.tlog
D:\OpenGLProject\OpenGLProject\Debug\link.5752.write.1.tlog
D:\OpenGLProject\OpenGLProject\Debug\link.5768-cvtres.read.1.tlog
D:\OpenGLProject\OpenGLProject\Debug\link.5768-cvtres.write.1.tlog
D:\OpenGLProject\OpenGLProject\Debug\link.5768-rc.read.1.tlog
D:\OpenGLProject\OpenGLProject\Debug\link.5768-rc.write.1.tlog
D:\OpenGLProject\OpenGLProject\Debug\link.5768.read.1.tlog
D:\OpenGLProject\OpenGLProject\Debug\link.5768.write.1.tlog
D:\OpenGLProject\OpenGLProject\Debug\link.5784-cvtres.read.1.tlog
D:\OpenGLProject\OpenGLProject\Debug\link.5784-cvtres.write.1.tlog
D:\OpenGLProject\OpenGLProject\Debug\link.5784-rc.read.1.tlog
D:\OpenGLProject\OpenGLProject\Debug\link.5784-rc.write.1.tlog
D:\OpenGLProject\OpenGLProject\Debug\link.5784.read.1.tlog
D:\OpenGLProject\OpenGLProject\Debug\link.5784.write.1.tlog
D:\OpenGLProject\OpenGLProject\Debug\link.5792-cvtres.read.1.tlog
D:\OpenGLProject\OpenGLProject\Debug\link.5792-cvtres.write.1.tlog
D:\OpenGLProject\OpenGLProject\Debug\link.5792-rc.read.1.tlog
D:\OpenGLProject\OpenGLProject\Debug\link.5792-rc.write.1.tlog
D:\OpenGLProject\OpenGLProject\Debug\link.5792.read.1.tlog
D:\OpenGLProject\OpenGLProject\Debug\link.5792.write.1.tlog
D:\OpenGLProject\OpenGLProject\Debug\link.5808-cvtres.read.1.tlog
D:\OpenGLProject\OpenGLProject\Debug\link.5808-cvtres.write.1.tlog
D:\OpenGLProject\OpenGLProject\Debug\link.5808-rc.read.1.tlog
D:\OpenGLProject\OpenGLProject\Debug\link.5808-rc.write.1.tlog
D:\OpenGLProject\OpenGLProject\Debug\link.5808.read.1.tlog
D:\OpenGLProject\OpenGLProject\Debug\link.5808.write.1.tlog
D:\OpenGLProject\OpenGLProject\Debug\link.5840-cvtres.read.1.tlog
D:\OpenGLProject\OpenGLProject\Debug\link.5840-cvtres.write.1.tlog
D:\OpenGLProject\OpenGLProject\Debug\link.5840-rc.read.1.tlog
D:\OpenGLProject\OpenGLProject\Debug\link.5840-rc.write.1.tlog
D:\OpenGLProject\OpenGLProject\Debug\link.5840.read.1.tlog
D:\OpenGLProject\OpenGLProject\Debug\link.5840.write.1.tlog
D:\OpenGLProject\OpenGLProject\Debug\link.5884-cvtres.read.1.tlog
D:\OpenGLProject\OpenGLProject\Debug\link.5884-cvtres.write.1.tlog
D:\OpenGLProject\OpenGLProject\Debug\link.5884-rc.read.1.tlog
D:\OpenGLProject\OpenGLProject\Debug\link.5884-rc.write.1.tlog
D:\OpenGLProject\OpenGLProject\Debug\link.5884.read.1.tlog
D:\OpenGLProject\OpenGLProject\Debug\link.5884.write.1.tlog
D:\OpenGLProject\OpenGLProject\Debug\link.5892-cvtres.read.1.tlog
D:\OpenGLProject\OpenGLProject\Debug\link.5892-cvtres.write.1.tlog
D:\OpenGLProject\OpenGLProject\Debug\link.5892-rc.read.1.tlog
D:\OpenGLProject\OpenGLProject\Debug\link.5892-rc.write.1.tlog
D:\OpenGLProject\OpenGLProject\Debug\link.5892.read.1.tlog
D:\OpenGLProject\OpenGLProject\Debug\link.5892.write.1.tlog
D:\OpenGLProject\OpenGLProject\Debug\link.5912-cvtres.read.1.tlog
D:\OpenGLProject\OpenGLProject\Debug\link.5912-cvtres.write.1.tlog
D:\OpenGLProject\OpenGLProject\Debug\link.5912-rc.read.1.tlog
D:\OpenGLProject\OpenGLProject\Debug\link.5912-rc.write.1.tlog
D:\OpenGLProject\OpenGLProject\Debug\link.5912.read.1.tlog
D:\OpenGLProject\OpenGLProject\Debug\link.5912.write.1.tlog
D:\OpenGLProject\OpenGLProject\Debug\link.5916-cvtres.read.1.tlog
D:\OpenGLProject\OpenGLProject\Debug\link.5916-cvtres.write.1.tlog
D:\OpenGLProject\OpenGLProject\Debug\link.5916-rc.read.1.tlog
D:\OpenGLProject\OpenGLProject\Debug\link.5916-rc.write.1.tlog
D:\OpenGLProject\OpenGLProject\Debug\link.5916.read.1.tlog
D:\OpenGLProject\OpenGLProject\Debug\link.5916.write.1.tlog
D:\OpenGLProject\OpenGLProject\Debug\link.5928-cvtres.read.1.tlog
D:\OpenGLProject\OpenGLProject\Debug\link.5928-cvtres.write.1.tlog
D:\OpenGLProject\OpenGLProject\Debug\link.5928-rc.read.1.tlog
D:\OpenGLProject\OpenGLProject\Debug\link.5928-rc.write.1.tlog
D:\OpenGLProject\OpenGLProject\Debug\link.5928.read.1.tlog
D:\OpenGLProject\OpenGLProject\Debug\link.5928.write.1.tlog
D:\OpenGLProject\OpenGLProject\Debug\link.5956-cvtres.read.1.tlog
D:\OpenGLProject\OpenGLProject\Debug\link.5956-cvtres.write.1.tlog
D:\OpenGLProject\OpenGLProject\Debug\link.5956-rc.read.1.tlog
D:\OpenGLProject\OpenGLProject\Debug\link.5956-rc.write.1.tlog
D:\OpenGLProject\OpenGLProject\Debug\link.5956.read.1.tlog
D:\OpenGLProject\OpenGLProject\Debug\link.5956.write.1.tlog
D:\OpenGLProject\OpenGLProject\Debug\link.5960-cvtres.read.1.tlog
D:\OpenGLProject\OpenGLProject\Debug\link.5960-cvtres.write.1.tlog
D:\OpenGLProject\OpenGLProject\Debug\link.5960-rc.read.1.tlog
D:\OpenGLProject\OpenGLProject\Debug\link.5960-rc.write.1.tlog
D:\OpenGLProject\OpenGLProject\Debug\link.5960.read.1.tlog
D:\OpenGLProject\OpenGLProject\Debug\link.5960.write.1.tlog
D:\OpenGLProject\OpenGLProject\Debug\link.5988-cvtres.read.1.tlog
D:\OpenGLProject\OpenGLProject\Debug\link.5988-cvtres.write.1.tlog
D:\OpenGLProject\OpenGLProject\Debug\link.5988-rc.read.1.tlog
D:\OpenGLProject\OpenGLProject\Debug\link.5988-rc.write.1.tlog
D:\OpenGLProject\OpenGLProject\Debug\link.5988.read.1.tlog
D:\OpenGLProject\OpenGLProject\Debug\link.5988.write.1.tlog
D:\OpenGLProject\OpenGLProject\Debug\link.5996-cvtres.read.1.tlog
D:\OpenGLProject\OpenGLProject\Debug\link.5996-cvtres.write.1.tlog
D:\OpenGLProject\OpenGLProject\Debug\link.5996-rc.read.1.tlog
D:\OpenGLProject\OpenGLProject\Debug\link.5996-rc.write.1.tlog
D:\OpenGLProject\OpenGLProject\Debug\link.5996.read.1.tlog
D:\OpenGLProject\OpenGLProject\Debug\link.5996.write.1.tlog
D:\OpenGLProject\OpenGLProject\Debug\link.6036-cvtres.read.1.tlog
D:\OpenGLProject\OpenGLProject\Debug\link.6036-cvtres.write.1.tlog
D:\OpenGLProject\OpenGLProject\Debug\link.6036-rc.read.1.tlog
D:\OpenGLProject\OpenGLProject\Debug\link.6036-rc.write.1.tlog
D:\OpenGLProject\OpenGLProject\Debug\link.6036.read.1.tlog
D:\OpenGLProject\OpenGLProject\Debug\link.6036.write.1.tlog
D:\OpenGLProject\OpenGLProject\Debug\link.6064-cvtres.read.1.tlog
D:\OpenGLProject\OpenGLProject\Debug\link.6064-cvtres.write.1.tlog
D:\OpenGLProject\OpenGLProject\Debug\link.6064-rc.read.1.tlog
D:\OpenGLProject\OpenGLProject\Debug\link.6064-rc.write.1.tlog
D:\OpenGLProject\OpenGLProject\Debug\link.6064.read.1.tlog
D:\OpenGLProject\OpenGLProject\Debug\link.6064.write.1.tlog
D:\OpenGLProject\OpenGLProject\Debug\link.6084-cvtres.read.1.tlog
D:\OpenGLProject\OpenGLProject\Debug\link.6084-cvtres.write.1.tlog
D:\OpenGLProject\OpenGLProject\Debug\link.6084-rc.read.1.tlog
D:\OpenGLProject\OpenGLProject\Debug\link.6084-rc.write.1.tlog
D:\OpenGLProject\OpenGLProject\Debug\link.6084.read.1.tlog
D:\OpenGLProject\OpenGLProject\Debug\link.6084.write.1.tlog
D:\OpenGLProject\OpenGLProject\Debug\link.6120-cvtres.read.1.tlog
D:\OpenGLProject\OpenGLProject\Debug\link.6120-cvtres.write.1.tlog
D:\OpenGLProject\OpenGLProject\Debug\link.6120-rc.read.1.tlog
D:\OpenGLProject\OpenGLProject\Debug\link.6120-rc.write.1.tlog
D:\OpenGLProject\OpenGLProject\Debug\link.6120.read.1.tlog
D:\OpenGLProject\OpenGLProject\Debug\link.6120.write.1.tlog
D:\OpenGLProject\OpenGLProject\Debug\link.6136-cvtres.read.1.tlog
D:\OpenGLProject\OpenGLProject\Debug\link.6136-cvtres.write.1.tlog
D:\OpenGLProject\OpenGLProject\Debug\link.6136-rc.read.1.tlog
D:\OpenGLProject\OpenGLProject\Debug\link.6136-rc.write.1.tlog
D:\OpenGLProject\OpenGLProject\Debug\link.6136.read.1.tlog
D:\OpenGLProject\OpenGLProject\Debug\link.6136.write.1.tlog
D:\OpenGLProject\OpenGLProject\Debug\link.6140-cvtres.read.1.tlog
D:\OpenGLProject\OpenGLProject\Debug\link.6140-cvtres.write.1.tlog
D:\OpenGLProject\OpenGLProject\Debug\link.6140-rc.read.1.tlog
D:\OpenGLProject\OpenGLProject\Debug\link.6140-rc.write.1.tlog
D:\OpenGLProject\OpenGLProject\Debug\link.6140.read.1.tlog
D:\OpenGLProject\OpenGLProject\Debug\link.6140.write.1.tlog
D:\OpenGLProject\OpenGLProject\Debug\link.616-cvtres.read.1.tlog
D:\OpenGLProject\OpenGLProject\Debug\link.616-cvtres.write.1.tlog
D:\OpenGLProject\OpenGLProject\Debug\link.616-rc.read.1.tlog
D:\OpenGLProject\OpenGLProject\Debug\link.616-rc.write.1.tlog
D:\OpenGLProject\OpenGLProject\Debug\link.616.read.1.tlog
D:\OpenGLProject\OpenGLProject\Debug\link.616.write.1.tlog
D:\OpenGLProject\OpenGLProject\Debug\link.648-cvtres.read.1.tlog
D:\OpenGLProject\OpenGLProject\Debug\link.648-cvtres.write.1.tlog
D:\OpenGLProject\OpenGLProject\Debug\link.648-rc.read.1.tlog
D:\OpenGLProject\OpenGLProject\Debug\link.648-rc.write.1.tlog
D:\OpenGLProject\OpenGLProject\Debug\link.648.read.1.tlog
D:\OpenGLProject\OpenGLProject\Debug\link.648.write.1.tlog
D:\OpenGLProject\OpenGLProject\Debug\link.656-cvtres.read.1.tlog
D:\OpenGLProject\OpenGLProject\Debug\link.656-cvtres.write.1.tlog
D:\OpenGLProject\OpenGLProject\Debug\link.656-rc.read.1.tlog
D:\OpenGLProject\OpenGLProject\Debug\link.656-rc.write.1.tlog
D:\OpenGLProject\OpenGLProject\Debug\link.656.read.1.tlog
D:\OpenGLProject\OpenGLProject\Debug\link.656.write.1.tlog
D:\OpenGLProject\OpenGLProject\Debug\link.684-cvtres.read.1.tlog
D:\OpenGLProject\OpenGLProject\Debug\link.684-cvtres.write.1.tlog
D:\OpenGLProject\OpenGLProject\Debug\link.684-rc.read.1.tlog
D:\OpenGLProject\OpenGLProject\Debug\link.684-rc.write.1.tlog
D:\OpenGLProject\OpenGLProject\Debug\link.684.read.1.tlog
D:\OpenGLProject\OpenGLProject\Debug\link.684.write.1.tlog
D:\OpenGLProject\OpenGLProject\Debug\link.7428-cvtres.read.1.tlog
D:\OpenGLProject\OpenGLProject\Debug\link.7428-cvtres.write.1.tlog
D:\OpenGLProject\OpenGLProject\Debug\link.7428-rc.read.1.tlog
D:\OpenGLProject\OpenGLProject\Debug\link.7428-rc.write.1.tlog
D:\OpenGLProject\OpenGLProject\Debug\link.7428.read.1.tlog
D:\OpenGLProject\OpenGLProject\Debug\link.7428.write.1.tlog
D:\OpenGLProject\OpenGLProject\Debug\link.7524-cvtres.read.1.tlog
D:\OpenGLProject\OpenGLProject\Debug\link.7524-cvtres.write.1.tlog
D:\OpenGLProject\OpenGLProject\Debug\link.7524-rc.read.1.tlog
D:\OpenGLProject\OpenGLProject\Debug\link.7524-rc.write.1.tlog
D:\OpenGLProject\OpenGLProject\Debug\link.7524.read.1.tlog
D:\OpenGLProject\OpenGLProject\Debug\link.7524.write.1.tlog
D:\OpenGLProject\OpenGLProject\Debug\link.8100-cvtres.read.1.tlog
D:\OpenGLProject\OpenGLProject\Debug\link.8100-cvtres.write.1.tlog
D:\OpenGLProject\OpenGLProject\Debug\link.8100-rc.read.1.tlog
D:\OpenGLProject\OpenGLProject\Debug\link.8100-rc.write.1.tlog
D:\OpenGLProject\OpenGLProject\Debug\link.8100.read.1.tlog
D:\OpenGLProject\OpenGLProject\Debug\link.8100.write.1.tlog
D:\OpenGLProject\OpenGLProject\Debug\link.8120-cvtres.read.1.tlog
D:\OpenGLProject\OpenGLProject\Debug\link.8120-cvtres.write.1.tlog
D:\OpenGLProject\OpenGLProject\Debug\link.8120-rc.read.1.tlog
D:\OpenGLProject\OpenGLProject\Debug\link.8120-rc.write.1.tlog
D:\OpenGLProject\OpenGLProject\Debug\link.8120.read.1.tlog
D:\OpenGLProject\OpenGLProject\Debug\link.8120.write.1.tlog
D:\OpenGLProject\OpenGLProject\Debug\link.872-cvtres.read.1.tlog
D:\OpenGLProject\OpenGLProject\Debug\link.872-cvtres.write.1.tlog
D:\OpenGLProject\OpenGLProject\Debug\link.872-rc.read.1.tlog
D:\OpenGLProject\OpenGLProject\Debug\link.872-rc.write.1.tlog
D:\OpenGLProject\OpenGLProject\Debug\link.872.read.1.tlog
D:\OpenGLProject\OpenGLProject\Debug\link.872.write.1.tlog
D:\OpenGLProject\OpenGLProject\Debug\link.892-cvtres.read.1.tlog
D:\OpenGLProject\OpenGLProject\Debug\link.892-cvtres.write.1.tlog
D:\OpenGLProject\OpenGLProject\Debug\link.892-rc.read.1.tlog
D:\OpenGLProject\OpenGLProject\Debug\link.892-rc.write.1.tlog
D:\OpenGLProject\OpenGLProject\Debug\link.892.read.1.tlog
D:\OpenGLProject\OpenGLProject\Debug\link.892.write.1.tlog
D:\OpenGLProject\OpenGLProject\Debug\link.900-cvtres.read.1.tlog
D:\OpenGLProject\OpenGLProject\Debug\link.900-cvtres.write.1.tlog
D:\OpenGLProject\OpenGLProject\Debug\link.900-rc.read.1.tlog
D:\OpenGLProject\OpenGLProject\Debug\link.900-rc.write.1.tlog
D:\OpenGLProject\OpenGLProject\Debug\link.900.read.1.tlog
D:\OpenGLProject\OpenGLProject\Debug\link.900.write.1.tlog
D:\OpenGLProject\OpenGLProject\Debug\link.932-cvtres.read.1.tlog
D:\OpenGLProject\OpenGLProject\Debug\link.932-cvtres.write.1.tlog
D:\OpenGLProject\OpenGLProject\Debug\link.932-rc.read.1.tlog
D:\OpenGLProject\OpenGLProject\Debug\link.932-rc.write.1.tlog
D:\OpenGLProject\OpenGLProject\Debug\link.932.read.1.tlog
D:\OpenGLProject\OpenGLProject\Debug\link.932.write.1.tlog
D:\OpenGLProject\OpenGLProject\Debug\link.940-cvtres.read.1.tlog
D:\OpenGLProject\OpenGLProject\Debug\link.940-cvtres.write.1.tlog
D:\OpenGLProject\OpenGLProject\Debug\link.940-rc.read.1.tlog
D:\OpenGLProject\OpenGLProject\Debug\link.940-rc.write.1.tlog
D:\OpenGLProject\OpenGLProject\Debug\link.940.read.1.tlog
D:\OpenGLProject\OpenGLProject\Debug\link.940.write.1.tlog
D:\OpenGLProject\OpenGLProject\Debug\link.968-cvtres.read.1.tlog
D:\OpenGLProject\OpenGLProject\Debug\link.968-cvtres.write.1.tlog
D:\OpenGLProject\OpenGLProject\Debug\link.968-rc.read.1.tlog
D:\OpenGLProject\OpenGLProject\Debug\link.968-rc.write.1.tlog
D:\OpenGLProject\OpenGLProject\Debug\link.968.read.1.tlog
D:\OpenGLProject\OpenGLProject\Debug\link.968.write.1.tlog
D:\OpenGLProject\OpenGLProject\Debug\link.984-cvtres.read.1.tlog
D:\OpenGLProject\OpenGLProject\Debug\link.984-cvtres.write.1.tlog
D:\OpenGLProject\OpenGLProject\Debug\link.984-rc.read.1.tlog
D:\OpenGLProject\OpenGLProject\Debug\link.984-rc.write.1.tlog
D:\OpenGLProject\OpenGLProject\Debug\link.984.read.1.tlog
D:\OpenGLProject\OpenGLProject\Debug\link.984.write.1.tlog
D:\OpenGLProject\OpenGLProject\Debug\link.command.1.tlog
D:\OpenGLProject\OpenGLProject\Debug\link.read.1.tlog
D:\OpenGLProject\OpenGLProject\Debug\link.write.1.tlog
D:\OpenGLProject\OpenGLProject\Debug\vc110.idb
D:\OpenGLProject\OpenGLProject\Debug\vc110.pdb
D:\OpenGLProject\Debug\OpenGLProject.pdb
D:\OpenGLProject\Debug\OpenGLProject.exe
D:\OpenGLProject\Debug\OpenGLProject.ilk
